TN:
SF:src\index.ts
FN:38,(anonymous_10)
FN:50,(anonymous_11)
FN:60,(anonymous_12)
FN:65,(anonymous_13)
FN:66,(anonymous_14)
FN:69,(anonymous_15)
FN:70,(anonymous_16)
FN:75,(anonymous_17)
FN:76,(anonymous_18)
FN:77,(anonymous_19)
FN:78,(anonymous_20)
FN:84,(anonymous_21)
FN:85,(anonymous_22)
FN:86,(anonymous_23)
FN:87,(anonymous_24)
FN:93,(anonymous_25)
FN:94,(anonymous_26)
FN:95,(anonymous_27)
FN:96,(anonymous_28)
FN:102,(anonymous_29)
FN:103,(anonymous_30)
FN:104,(anonymous_31)
FN:105,(anonymous_32)
FN:111,(anonymous_33)
FN:112,(anonymous_34)
FN:113,(anonymous_35)
FN:114,(anonymous_36)
FN:120,(anonymous_37)
FN:121,(anonymous_38)
FN:133,(anonymous_39)
FN:143,(anonymous_40)
FNF:31
FNH:0
FNDA:0,(anonymous_10)
FNDA:0,(anonymous_11)
FNDA:0,(anonymous_12)
FNDA:0,(anonymous_13)
FNDA:0,(anonymous_14)
FNDA:0,(anonymous_15)
FNDA:0,(anonymous_16)
FNDA:0,(anonymous_17)
FNDA:0,(anonymous_18)
FNDA:0,(anonymous_19)
FNDA:0,(anonymous_20)
FNDA:0,(anonymous_21)
FNDA:0,(anonymous_22)
FNDA:0,(anonymous_23)
FNDA:0,(anonymous_24)
FNDA:0,(anonymous_25)
FNDA:0,(anonymous_26)
FNDA:0,(anonymous_27)
FNDA:0,(anonymous_28)
FNDA:0,(anonymous_29)
FNDA:0,(anonymous_30)
FNDA:0,(anonymous_31)
FNDA:0,(anonymous_32)
FNDA:0,(anonymous_33)
FNDA:0,(anonymous_34)
FNDA:0,(anonymous_35)
FNDA:0,(anonymous_36)
FNDA:0,(anonymous_37)
FNDA:0,(anonymous_38)
FNDA:0,(anonymous_39)
FNDA:0,(anonymous_40)
DA:1,0
DA:2,0
DA:3,0
DA:4,0
DA:5,0
DA:6,0
DA:8,0
DA:9,0
DA:14,0
DA:15,0
DA:16,0
DA:17,0
DA:18,0
DA:19,0
DA:21,0
DA:23,0
DA:24,0
DA:26,0
DA:32,0
DA:33,0
DA:34,0
DA:35,0
DA:36,0
DA:38,0
DA:39,0
DA:50,0
DA:51,0
DA:60,0
DA:61,0
DA:65,0
DA:66,0
DA:67,0
DA:69,0
DA:70,0
DA:71,0
DA:75,0
DA:76,0
DA:77,0
DA:78,0
DA:79,0
DA:80,0
DA:84,0
DA:85,0
DA:86,0
DA:87,0
DA:88,0
DA:89,0
DA:93,0
DA:94,0
DA:95,0
DA:96,0
DA:97,0
DA:98,0
DA:102,0
DA:103,0
DA:104,0
DA:105,0
DA:106,0
DA:107,0
DA:111,0
DA:112,0
DA:113,0
DA:114,0
DA:115,0
DA:116,0
DA:120,0
DA:121,0
DA:122,0
DA:125,0
DA:126,0
DA:127,0
DA:128,0
DA:129,0
DA:130,0
DA:131,0
DA:133,0
DA:134,0
DA:142,0
DA:143,0
DA:144,0
DA:145,0
DA:146,0
DA:148,0
DA:149,0
DA:150,0
DA:152,0
DA:157,0
DA:158,0
DA:161,0
LF:89
LH:0
BRDA:24,0,0,0
BRDA:24,0,1,0
BRDA:55,1,0,0
BRDA:55,1,1,0
BRDA:79,2,0,0
BRDA:79,2,1,0
BRDA:88,3,0,0
BRDA:88,3,1,0
BRDA:97,4,0,0
BRDA:97,4,1,0
BRDA:106,5,0,0
BRDA:106,5,1,0
BRDA:115,6,0,0
BRDA:115,6,1,0
BRDA:142,7,0,0
BRDA:142,7,1,0
BRDA:145,8,0,0
BRDA:145,8,1,0
BRF:18
BRH:0
end_of_record
TN:
SF:src\config\database.ts
FNF:0
FNH:0
DA:1,0
DA:3,0
DA:7,0
DA:9,0
LF:4
LH:0
BRDA:7,0,0,0
BRDA:7,0,1,0
BRDA:9,1,0,0
BRDA:9,1,1,0
BRF:4
BRH:0
end_of_record
TN:
SF:src\config\redis.ts
FN:5,(anonymous_0)
FN:15,(anonymous_1)
FN:25,(anonymous_2)
FN:29,(anonymous_3)
FN:33,(anonymous_4)
FN:37,(anonymous_5)
FN:48,(anonymous_6)
FN:55,(anonymous_7)
FN:59,(anonymous_8)
FNF:9
FNH:1
FNDA:0,(anonymous_0)
FNDA:0,(anonymous_1)
FNDA:0,(anonymous_2)
FNDA:0,(anonymous_3)
FNDA:0,(anonymous_4)
FNDA:0,(anonymous_5)
FNDA:0,(anonymous_6)
FNDA:34,(anonymous_7)
FNDA:0,(anonymous_8)
DA:1,2
DA:3,2
DA:5,2
DA:6,0
DA:7,0
DA:10,0
DA:12,0
DA:16,0
DA:17,0
DA:18,0
DA:20,0
DA:25,0
DA:26,0
DA:29,0
DA:30,0
DA:33,0
DA:34,0
DA:37,0
DA:38,0
DA:41,0
DA:42,0
DA:45,0
DA:48,2
DA:49,0
DA:50,0
DA:51,0
DA:55,2
DA:56,34
DA:59,2
DA:60,0
LF:30
LH:7
BRDA:6,0,0,0
BRDA:6,0,1,0
BRDA:6,1,0,0
BRDA:6,1,1,0
BRDA:10,2,0,0
BRDA:10,2,1,0
BRDA:16,3,0,0
BRDA:16,3,1,0
BRDA:41,4,0,0
BRDA:41,4,1,0
BRDA:49,5,0,0
BRDA:49,5,1,0
BRDA:49,6,0,0
BRDA:49,6,1,0
BRDA:60,7,0,0
BRDA:60,7,1,0
BRF:16
BRH:0
end_of_record
TN:
SF:src\controllers\authController.ts
FN:22,(anonymous_0)
FN:38,(anonymous_1)
FN:53,(anonymous_2)
FN:69,(anonymous_3)
FN:84,(anonymous_4)
FN:109,(anonymous_5)
FNF:6
FNH:0
FNDA:0,(anonymous_0)
FNDA:0,(anonymous_1)
FNDA:0,(anonymous_2)
FNDA:0,(anonymous_3)
FNDA:0,(anonymous_4)
FNDA:0,(anonymous_5)
DA:2,0
DA:4,0
DA:6,0
DA:8,0
DA:16,0
DA:21,0
DA:23,0
DA:24,0
DA:26,0
DA:28,0
DA:34,0
DA:35,0
DA:38,0
DA:43,0
DA:46,0
DA:54,0
DA:55,0
DA:57,0
DA:59,0
DA:65,0
DA:66,0
DA:69,0
DA:74,0
DA:77,0
DA:85,0
DA:86,0
DA:87,0
DA:91,0
DA:94,0
DA:96,0
DA:102,0
DA:110,0
LF:32
LH:0
BRDA:34,0,0,0
BRDA:34,0,1,0
BRDA:48,1,0,0
BRDA:48,1,1,0
BRDA:65,2,0,0
BRDA:65,2,1,0
BRDA:79,3,0,0
BRDA:79,3,1,0
BRDA:86,4,0,0
BRDA:86,4,1,0
BRDA:104,5,0,0
BRDA:104,5,1,0
BRF:12
BRH:0
end_of_record
TN:
SF:src\controllers\cartController.ts
FN:17,(anonymous_0)
FN:43,(anonymous_1)
FN:66,(anonymous_2)
FN:80,(anonymous_3)
FN:112,(anonymous_4)
FN:126,(anonymous_5)
FN:159,(anonymous_6)
FN:184,(anonymous_7)
FNF:8
FNH:0
FNDA:0,(anonymous_0)
FNDA:0,(anonymous_1)
FNDA:0,(anonymous_2)
FNDA:0,(anonymous_3)
FNDA:0,(anonymous_4)
FNDA:0,(anonymous_5)
FNDA:0,(anonymous_6)
FNDA:0,(anonymous_7)
DA:2,0
DA:4,0
DA:6,0
DA:8,0
DA:13,0
DA:17,0
DA:18,0
DA:19,0
DA:20,0
DA:24,0
DA:27,0
DA:29,0
DA:35,0
DA:43,0
DA:44,0
DA:45,0
DA:46,0
DA:50,0
DA:53,0
DA:54,0
DA:56,0
DA:62,0
DA:63,0
DA:66,0
DA:71,0
DA:73,0
DA:80,0
DA:81,0
DA:82,0
DA:83,0
DA:87,0
DA:90,0
DA:91,0
DA:92,0
DA:96,0
DA:99,0
DA:100,0
DA:102,0
DA:108,0
DA:109,0
DA:112,0
DA:117,0
DA:119,0
DA:126,0
DA:127,0
DA:128,0
DA:129,0
DA:133,0
DA:136,0
DA:137,0
DA:138,0
DA:142,0
DA:145,0
DA:147,0
DA:152,0
DA:159,0
DA:160,0
DA:161,0
DA:162,0
DA:166,0
DA:169,0
DA:171,0
DA:176,0
DA:184,0
DA:185,0
DA:186,0
DA:187,0
DA:191,0
DA:194,0
DA:196,0
DA:202,0
LF:71
LH:0
BRDA:19,0,0,0
BRDA:19,0,1,0
BRDA:45,1,0,0
BRDA:45,1,1,0
BRDA:62,2,0,0
BRDA:62,2,1,0
BRDA:82,3,0,0
BRDA:82,3,1,0
BRDA:91,4,0,0
BRDA:91,4,1,0
BRDA:108,5,0,0
BRDA:108,5,1,0
BRDA:128,6,0,0
BRDA:128,6,1,0
BRDA:137,7,0,0
BRDA:137,7,1,0
BRDA:161,8,0,0
BRDA:161,8,1,0
BRDA:186,9,0,0
BRDA:186,9,1,0
BRF:20
BRH:0
end_of_record
TN:
SF:src\controllers\chatController.ts
FN:14,(anonymous_0)
FN:15,(anonymous_1)
FN:19,(anonymous_2)
FN:20,(anonymous_3)
FN:21,(anonymous_4)
FN:22,(anonymous_5)
FN:26,(anonymous_6)
FN:27,(anonymous_7)
FN:30,(anonymous_8)
FN:62,(anonymous_9)
FN:86,(anonymous_10)
FN:97,(anonymous_11)
FN:135,(anonymous_12)
FN:146,(anonymous_13)
FN:177,(anonymous_14)
FN:200,(anonymous_15)
FN:211,(anonymous_16)
FN:242,(anonymous_17)
FN:270,(anonymous_18)
FN:281,(anonymous_19)
FN:312,(anonymous_20)
FNF:21
FNH:0
FNDA:0,(anonymous_0)
FNDA:0,(anonymous_1)
FNDA:0,(anonymous_2)
FNDA:0,(anonymous_3)
FNDA:0,(anonymous_4)
FNDA:0,(anonymous_5)
FNDA:0,(anonymous_6)
FNDA:0,(anonymous_7)
FNDA:0,(anonymous_8)
FNDA:0,(anonymous_9)
FNDA:0,(anonymous_10)
FNDA:0,(anonymous_11)
FNDA:0,(anonymous_12)
FNDA:0,(anonymous_13)
FNDA:0,(anonymous_14)
FNDA:0,(anonymous_15)
FNDA:0,(anonymous_16)
FNDA:0,(anonymous_17)
FNDA:0,(anonymous_18)
FNDA:0,(anonymous_19)
FNDA:0,(anonymous_20)
DA:2,0
DA:4,0
DA:5,0
DA:7,0
DA:13,0
DA:14,0
DA:15,0
DA:18,0
DA:19,0
DA:20,0
DA:21,0
DA:22,0
DA:25,0
DA:26,0
DA:27,0
DA:30,0
DA:31,0
DA:32,0
DA:33,0
DA:37,0
DA:40,0
DA:42,0
DA:43,0
DA:47,0
DA:50,0
DA:52,0
DA:58,0
DA:62,0
DA:63,0
DA:64,0
DA:65,0
DA:69,0
DA:72,0
DA:74,0
DA:76,0
DA:82,0
DA:83,0
DA:86,0
DA:91,0
DA:93,0
DA:97,0
DA:98,0
DA:99,0
DA:100,0
DA:104,0
DA:107,0
DA:109,0
DA:110,0
DA:114,0
DA:117,0
DA:119,0
DA:126,0
DA:131,0
DA:132,0
DA:135,0
DA:140,0
DA:142,0
DA:146,0
DA:147,0
DA:148,0
DA:149,0
DA:153,0
DA:156,0
DA:158,0
DA:159,0
DA:163,0
DA:166,0
DA:168,0
DA:173,0
DA:177,0
DA:178,0
DA:179,0
DA:180,0
DA:184,0
DA:187,0
DA:189,0
DA:191,0
DA:196,0
DA:197,0
DA:200,0
DA:205,0
DA:207,0
DA:211,0
DA:212,0
DA:213,0
DA:214,0
DA:218,0
DA:221,0
DA:223,0
DA:224,0
DA:228,0
DA:231,0
DA:233,0
DA:238,0
DA:242,0
DA:243,0
DA:244,0
DA:245,0
DA:249,0
DA:252,0
DA:254,0
DA:259,0
DA:261,0
DA:266,0
DA:267,0
DA:270,0
DA:275,0
DA:277,0
DA:281,0
DA:282,0
DA:283,0
DA:284,0
DA:288,0
DA:291,0
DA:293,0
DA:294,0
DA:298,0
DA:301,0
DA:303,0
DA:308,0
DA:312,0
DA:313,0
DA:314,0
DA:315,0
DA:319,0
DA:322,0
DA:323,0
DA:327,0
DA:330,0
DA:332,0
DA:333,0
DA:337,0
DA:340,0
DA:347,0
DA:349,0
DA:355,0
LF:136
LH:0
BRDA:32,0,0,0
BRDA:32,0,1,0
BRDA:42,1,0,0
BRDA:42,1,1,0
BRDA:64,2,0,0
BRDA:64,2,1,0
BRDA:82,3,0,0
BRDA:82,3,1,0
BRDA:99,4,0,0
BRDA:99,4,1,0
BRDA:109,5,0,0
BRDA:109,5,1,0
BRDA:131,6,0,0
BRDA:131,6,1,0
BRDA:148,7,0,0
BRDA:148,7,1,0
BRDA:158,8,0,0
BRDA:158,8,1,0
BRDA:179,9,0,0
BRDA:179,9,1,0
BRDA:196,10,0,0
BRDA:196,10,1,0
BRDA:213,11,0,0
BRDA:213,11,1,0
BRDA:223,12,0,0
BRDA:223,12,1,0
BRDA:244,13,0,0
BRDA:244,13,1,0
BRDA:255,14,0,0
BRDA:255,14,1,0
BRDA:256,15,0,0
BRDA:256,15,1,0
BRDA:266,16,0,0
BRDA:266,16,1,0
BRDA:283,17,0,0
BRDA:283,17,1,0
BRDA:293,18,0,0
BRDA:293,18,1,0
BRDA:314,19,0,0
BRDA:314,19,1,0
BRDA:322,20,0,0
BRDA:322,20,1,0
BRDA:322,21,0,0
BRDA:322,21,1,0
BRDA:332,22,0,0
BRDA:332,22,1,0
BRDA:332,23,0,0
BRDA:332,23,1,0
BRDA:332,23,2,0
BRDA:344,24,0,0
BRDA:344,24,1,0
BRF:51
BRH:0
end_of_record
TN:
SF:src\controllers\couponController.ts
FN:15,(anonymous_0)
FN:16,(anonymous_1)
FN:26,(anonymous_2)
FN:27,(anonymous_3)
FN:37,(anonymous_4)
FN:60,(anonymous_5)
FN:71,(anonymous_6)
FN:89,(anonymous_7)
FN:104,(anonymous_8)
FN:124,(anonymous_9)
FN:144,(anonymous_10)
FN:173,(anonymous_11)
FN:184,(anonymous_12)
FN:211,(anonymous_13)
FN:226,(anonymous_14)
FN:237,(anonymous_15)
FN:268,(anonymous_16)
FN:299,(anonymous_17)
FN:328,(anonymous_18)
FNF:19
FNH:0
FNDA:0,(anonymous_0)
FNDA:0,(anonymous_1)
FNDA:0,(anonymous_2)
FNDA:0,(anonymous_3)
FNDA:0,(anonymous_4)
FNDA:0,(anonymous_5)
FNDA:0,(anonymous_6)
FNDA:0,(anonymous_7)
FNDA:0,(anonymous_8)
FNDA:0,(anonymous_9)
FNDA:0,(anonymous_10)
FNDA:0,(anonymous_11)
FNDA:0,(anonymous_12)
FNDA:0,(anonymous_13)
FNDA:0,(anonymous_14)
FNDA:0,(anonymous_15)
FNDA:0,(anonymous_16)
FNDA:0,(anonymous_17)
FNDA:0,(anonymous_18)
DA:2,0
DA:4,0
DA:5,0
DA:7,0
DA:9,0
DA:15,0
DA:16,0
DA:20,0
DA:26,0
DA:27,0
DA:31,0
DA:37,0
DA:38,0
DA:39,0
DA:40,0
DA:44,0
DA:47,0
DA:48,0
DA:50,0
DA:56,0
DA:57,0
DA:60,0
DA:65,0
DA:67,0
DA:71,0
DA:72,0
DA:73,0
DA:74,0
DA:75,0
DA:77,0
DA:79,0
DA:85,0
DA:89,0
DA:90,0
DA:91,0
DA:92,0
DA:94,0
DA:100,0
DA:104,0
DA:105,0
DA:106,0
DA:107,0
DA:108,0
DA:109,0
DA:112,0
DA:114,0
DA:120,0
DA:124,0
DA:125,0
DA:126,0
DA:127,0
DA:128,0
DA:129,0
DA:132,0
DA:134,0
DA:140,0
DA:144,0
DA:145,0
DA:146,0
DA:147,0
DA:151,0
DA:154,0
DA:155,0
DA:156,0
DA:157,0
DA:160,0
DA:161,0
DA:163,0
DA:169,0
DA:170,0
DA:173,0
DA:178,0
DA:180,0
DA:184,0
DA:185,0
DA:186,0
DA:187,0
DA:191,0
DA:194,0
DA:195,0
DA:196,0
DA:197,0
DA:200,0
DA:202,0
DA:207,0
DA:211,0
DA:212,0
DA:213,0
DA:214,0
DA:216,0
DA:222,0
DA:223,0
DA:226,0
DA:231,0
DA:233,0
DA:237,0
DA:238,0
DA:239,0
DA:240,0
DA:244,0
DA:247,0
DA:248,0
DA:249,0
DA:250,0
DA:253,0
DA:254,0
DA:256,0
DA:258,0
DA:264,0
DA:268,0
DA:269,0
DA:270,0
DA:271,0
DA:275,0
DA:278,0
DA:279,0
DA:280,0
DA:281,0
DA:284,0
DA:285,0
DA:287,0
DA:289,0
DA:295,0
DA:299,0
DA:300,0
DA:301,0
DA:302,0
DA:306,0
DA:309,0
DA:310,0
DA:311,0
DA:312,0
DA:315,0
DA:316,0
DA:318,0
DA:324,0
DA:325,0
DA:328,0
DA:333,0
DA:335,0
LF:140
LH:0
BRDA:39,0,0,0
BRDA:39,0,1,0
BRDA:39,1,0,0
BRDA:39,1,1,0
BRDA:56,2,0,0
BRDA:56,2,1,0
BRDA:73,3,0,0
BRDA:73,3,1,0
BRDA:74,4,0,0
BRDA:74,4,1,0
BRDA:107,5,0,0
BRDA:107,5,1,0
BRDA:127,6,0,0
BRDA:127,6,1,0
BRDA:146,7,0,0
BRDA:146,7,1,0
BRDA:146,8,0,0
BRDA:146,8,1,0
BRDA:155,9,0,0
BRDA:155,9,1,0
BRDA:169,10,0,0
BRDA:169,10,1,0
BRDA:186,11,0,0
BRDA:186,11,1,0
BRDA:186,12,0,0
BRDA:186,12,1,0
BRDA:195,13,0,0
BRDA:195,13,1,0
BRDA:222,14,0,0
BRDA:222,14,1,0
BRDA:239,15,0,0
BRDA:239,15,1,0
BRDA:239,16,0,0
BRDA:239,16,1,0
BRDA:248,17,0,0
BRDA:248,17,1,0
BRDA:253,18,0,0
BRDA:253,18,1,0
BRDA:254,19,0,0
BRDA:254,19,1,0
BRDA:270,20,0,0
BRDA:270,20,1,0
BRDA:270,21,0,0
BRDA:270,21,1,0
BRDA:279,22,0,0
BRDA:279,22,1,0
BRDA:284,23,0,0
BRDA:284,23,1,0
BRDA:285,24,0,0
BRDA:285,24,1,0
BRDA:301,25,0,0
BRDA:301,25,1,0
BRDA:301,26,0,0
BRDA:301,26,1,0
BRDA:310,27,0,0
BRDA:310,27,1,0
BRDA:324,28,0,0
BRDA:324,28,1,0
BRF:58
BRH:0
end_of_record
TN:
SF:src\controllers\notificationController.ts
FN:42,(anonymous_9)
FN:79,(anonymous_10)
FN:90,(anonymous_11)
FN:130,(anonymous_12)
FN:141,(anonymous_13)
FN:167,(anonymous_14)
FN:178,(anonymous_15)
FN:190,(anonymous_16)
FN:205,(anonymous_17)
FN:216,(anonymous_18)
FN:238,(anonymous_19)
FN:248,(anonymous_20)
FN:276,(anonymous_21)
FN:278,(anonymous_22)
FNF:14
FNH:0
FNDA:0,(anonymous_9)
FNDA:0,(anonymous_10)
FNDA:0,(anonymous_11)
FNDA:0,(anonymous_12)
FNDA:0,(anonymous_13)
FNDA:0,(anonymous_14)
FNDA:0,(anonymous_15)
FNDA:0,(anonymous_16)
FNDA:0,(anonymous_17)
FNDA:0,(anonymous_18)
FNDA:0,(anonymous_19)
FNDA:0,(anonymous_20)
FNDA:0,(anonymous_21)
FNDA:0,(anonymous_22)
DA:2,0
DA:4,0
DA:5,0
DA:7,0
DA:18,0
DA:29,0
DA:38,0
DA:42,0
DA:43,0
DA:44,0
DA:45,0
DA:49,0
DA:52,0
DA:53,0
DA:57,0
DA:60,0
DA:62,0
DA:67,0
DA:69,0
DA:75,0
DA:76,0
DA:79,0
DA:84,0
DA:86,0
DA:90,0
DA:91,0
DA:92,0
DA:93,0
DA:97,0
DA:100,0
DA:101,0
DA:105,0
DA:108,0
DA:110,0
DA:115,0
DA:120,0
DA:126,0
DA:127,0
DA:130,0
DA:135,0
DA:137,0
DA:141,0
DA:142,0
DA:143,0
DA:144,0
DA:148,0
DA:151,0
DA:152,0
DA:157,0
DA:163,0
DA:164,0
DA:167,0
DA:172,0
DA:174,0
DA:178,0
DA:179,0
DA:180,0
DA:181,0
DA:185,0
DA:188,0
DA:190,0
DA:191,0
DA:196,0
DA:201,0
DA:202,0
DA:205,0
DA:210,0
DA:212,0
DA:216,0
DA:217,0
DA:218,0
DA:219,0
DA:223,0
DA:226,0
DA:227,0
DA:229,0
DA:234,0
DA:238,0
DA:239,0
DA:240,0
DA:241,0
DA:245,0
DA:248,0
DA:249,0
DA:253,0
DA:254,0
DA:267,0
DA:272,0
DA:276,0
DA:277,0
DA:278,0
DA:280,0
DA:285,0
DA:286,0
DA:289,0
DA:324,0
DA:325,0
DA:326,0
DA:329,0
DA:344,0
LF:100
LH:0
BRDA:44,0,0,0
BRDA:44,0,1,0
BRDA:52,1,0,0
BRDA:52,1,1,0
BRDA:52,2,0,0
BRDA:52,2,1,0
BRDA:64,3,0,0
BRDA:64,3,1,0
BRDA:75,4,0,0
BRDA:75,4,1,0
BRDA:92,5,0,0
BRDA:92,5,1,0
BRDA:100,6,0,0
BRDA:100,6,1,0
BRDA:112,7,0,0
BRDA:112,7,1,0
BRDA:126,8,0,0
BRDA:126,8,1,0
BRDA:143,9,0,0
BRDA:143,9,1,0
BRDA:163,10,0,0
BRDA:163,10,1,0
BRDA:180,11,0,0
BRDA:180,11,1,0
BRDA:201,12,0,0
BRDA:201,12,1,0
BRDA:218,13,0,0
BRDA:218,13,1,0
BRDA:226,14,0,0
BRDA:226,14,1,0
BRDA:240,15,0,0
BRDA:240,15,1,0
BRDA:253,16,0,0
BRDA:253,16,1,0
BRDA:285,17,0,0
BRDA:285,17,1,0
BRDA:325,18,0,0
BRDA:325,18,1,0
BRF:38
BRH:0
end_of_record
TN:
SF:src\controllers\orderController.ts
FN:22,(anonymous_0)
FN:45,(anonymous_1)
FN:56,(anonymous_2)
FN:81,(anonymous_3)
FN:112,(anonymous_4)
FN:140,(anonymous_5)
FN:169,(anonymous_6)
FN:180,(anonymous_7)
FN:208,(anonymous_8)
FNF:9
FNH:0
FNDA:0,(anonymous_0)
FNDA:0,(anonymous_1)
FNDA:0,(anonymous_2)
FNDA:0,(anonymous_3)
FNDA:0,(anonymous_4)
FNDA:0,(anonymous_5)
FNDA:0,(anonymous_6)
FNDA:0,(anonymous_7)
FNDA:0,(anonymous_8)
DA:2,0
DA:4,0
DA:5,0
DA:7,0
DA:9,0
DA:17,0
DA:22,0
DA:23,0
DA:24,0
DA:25,0
DA:29,0
DA:32,0
DA:33,0
DA:35,0
DA:41,0
DA:42,0
DA:45,0
DA:50,0
DA:52,0
DA:56,0
DA:57,0
DA:58,0
DA:59,0
DA:63,0
DA:66,0
DA:67,0
DA:69,0
DA:71,0
DA:77,0
DA:81,0
DA:82,0
DA:83,0
DA:84,0
DA:88,0
DA:91,0
DA:92,0
DA:93,0
DA:94,0
DA:97,0
DA:98,0
DA:100,0
DA:102,0
DA:108,0
DA:112,0
DA:113,0
DA:114,0
DA:115,0
DA:119,0
DA:122,0
DA:123,0
DA:124,0
DA:125,0
DA:128,0
DA:130,0
DA:136,0
DA:140,0
DA:141,0
DA:142,0
DA:143,0
DA:147,0
DA:150,0
DA:151,0
DA:152,0
DA:153,0
DA:156,0
DA:157,0
DA:159,0
DA:165,0
DA:166,0
DA:169,0
DA:174,0
DA:176,0
DA:180,0
DA:181,0
DA:182,0
DA:183,0
DA:187,0
DA:190,0
DA:191,0
DA:192,0
DA:193,0
DA:196,0
DA:198,0
DA:204,0
DA:208,0
DA:209,0
DA:210,0
DA:211,0
DA:215,0
DA:218,0
DA:219,0
DA:220,0
DA:221,0
DA:224,0
DA:226,0
DA:232,0
LF:96
LH:0
BRDA:24,0,0,0
BRDA:24,0,1,0
BRDA:41,1,0,0
BRDA:41,1,1,0
BRDA:58,2,0,0
BRDA:58,2,1,0
BRDA:66,3,0,0
BRDA:66,3,1,0
BRDA:67,4,0,0
BRDA:67,4,1,0
BRDA:83,5,0,0
BRDA:83,5,1,0
BRDA:83,6,0,0
BRDA:83,6,1,0
BRDA:92,7,0,0
BRDA:92,7,1,0
BRDA:97,8,0,0
BRDA:97,8,1,0
BRDA:98,9,0,0
BRDA:98,9,1,0
BRDA:114,10,0,0
BRDA:114,10,1,0
BRDA:123,11,0,0
BRDA:123,11,1,0
BRDA:142,12,0,0
BRDA:142,12,1,0
BRDA:142,13,0,0
BRDA:142,13,1,0
BRDA:151,14,0,0
BRDA:151,14,1,0
BRDA:151,15,0,0
BRDA:151,15,1,0
BRDA:165,16,0,0
BRDA:165,16,1,0
BRDA:182,17,0,0
BRDA:182,17,1,0
BRDA:191,18,0,0
BRDA:191,18,1,0
BRDA:210,19,0,0
BRDA:210,19,1,0
BRDA:210,20,0,0
BRDA:210,20,1,0
BRDA:219,21,0,0
BRDA:219,21,1,0
BRF:44
BRH:0
end_of_record
TN:
SF:src\controllers\paymentController.ts
FN:28,(anonymous_1)
FN:54,(anonymous_2)
FN:65,(anonymous_3)
FN:103,(anonymous_4)
FN:134,(anonymous_5)
FN:145,(anonymous_6)
FN:176,(anonymous_7)
FNF:7
FNH:0
FNDA:0,(anonymous_1)
FNDA:0,(anonymous_2)
FNDA:0,(anonymous_3)
FNDA:0,(anonymous_4)
FNDA:0,(anonymous_5)
FNDA:0,(anonymous_6)
FNDA:0,(anonymous_7)
DA:2,0
DA:4,0
DA:5,0
DA:6,0
DA:9,0
DA:10,0
DA:14,0
DA:22,0
DA:28,0
DA:29,0
DA:30,0
DA:31,0
DA:35,0
DA:38,0
DA:39,0
DA:44,0
DA:50,0
DA:51,0
DA:54,0
DA:59,0
DA:61,0
DA:65,0
DA:66,0
DA:67,0
DA:68,0
DA:72,0
DA:75,0
DA:77,0
DA:78,0
DA:82,0
DA:85,0
DA:87,0
DA:88,0
DA:93,0
DA:99,0
DA:103,0
DA:104,0
DA:105,0
DA:106,0
DA:110,0
DA:113,0
DA:114,0
DA:118,0
DA:121,0
DA:122,0
DA:124,0
DA:130,0
DA:131,0
DA:134,0
DA:139,0
DA:141,0
DA:145,0
DA:146,0
DA:147,0
DA:148,0
DA:152,0
DA:155,0
DA:157,0
DA:158,0
DA:162,0
DA:165,0
DA:167,0
DA:172,0
DA:176,0
DA:177,0
DA:178,0
DA:179,0
DA:181,0
DA:182,0
DA:186,0
DA:191,0
DA:192,0
DA:194,0
DA:198,0
DA:201,0
DA:203,0
DA:208,0
LF:77
LH:0
BRDA:10,0,0,0
BRDA:10,0,1,0
BRDA:30,1,0,0
BRDA:30,1,1,0
BRDA:41,2,0,0
BRDA:41,2,1,0
BRDA:50,3,0,0
BRDA:50,3,1,0
BRDA:67,4,0,0
BRDA:67,4,1,0
BRDA:77,5,0,0
BRDA:77,5,1,0
BRDA:87,6,0,0
BRDA:87,6,1,0
BRDA:105,7,0,0
BRDA:105,7,1,0
BRDA:113,8,0,0
BRDA:113,8,1,0
BRDA:113,9,0,0
BRDA:113,9,1,0
BRDA:130,10,0,0
BRDA:130,10,1,0
BRDA:147,11,0,0
BRDA:147,11,1,0
BRDA:157,12,0,0
BRDA:157,12,1,0
BRDA:181,13,0,0
BRDA:181,13,1,0
BRF:28
BRH:0
end_of_record
TN:
SF:src\controllers\productController.ts
FN:67,(anonymous_0)
FN:97,(anonymous_1)
FN:110,(anonymous_2)
FN:139,(anonymous_3)
FN:157,(anonymous_4)
FN:174,(anonymous_5)
FN:192,(anonymous_6)
FN:218,(anonymous_7)
FN:231,(anonymous_8)
FN:258,(anonymous_9)
FN:285,(anonymous_10)
FN:302,(anonymous_11)
FN:315,(anonymous_12)
FN:332,(anonymous_13)
FN:357,(anonymous_14)
FN:375,(anonymous_15)
FN:388,(anonymous_16)
FNF:17
FNH:0
FNDA:0,(anonymous_0)
FNDA:0,(anonymous_1)
FNDA:0,(anonymous_2)
FNDA:0,(anonymous_3)
FNDA:0,(anonymous_4)
FNDA:0,(anonymous_5)
FNDA:0,(anonymous_6)
FNDA:0,(anonymous_7)
FNDA:0,(anonymous_8)
FNDA:0,(anonymous_9)
FNDA:0,(anonymous_10)
FNDA:0,(anonymous_11)
FNDA:0,(anonymous_12)
FNDA:0,(anonymous_13)
FNDA:0,(anonymous_14)
FNDA:0,(anonymous_15)
FNDA:0,(anonymous_16)
DA:2,0
DA:3,0
DA:5,0
DA:7,0
DA:9,0
DA:10,0
DA:12,0
DA:34,0
DA:56,0
DA:61,0
DA:67,0
DA:68,0
DA:69,0
DA:70,0
DA:74,0
DA:77,0
DA:78,0
DA:79,0
DA:80,0
DA:82,0
DA:83,0
DA:85,0
DA:87,0
DA:93,0
DA:94,0
DA:97,0
DA:103,0
DA:110,0
DA:111,0
DA:112,0
DA:113,0
DA:114,0
DA:115,0
DA:117,0
DA:119,0
DA:120,0
DA:126,0
DA:132,0
DA:139,0
DA:140,0
DA:141,0
DA:142,0
DA:144,0
DA:150,0
DA:157,0
DA:158,0
DA:159,0
DA:161,0
DA:167,0
DA:174,0
DA:175,0
DA:176,0
DA:177,0
DA:179,0
DA:185,0
DA:192,0
DA:193,0
DA:194,0
DA:195,0
DA:199,0
DA:202,0
DA:203,0
DA:204,0
DA:206,0
DA:208,0
DA:214,0
DA:215,0
DA:218,0
DA:224,0
DA:231,0
DA:232,0
DA:233,0
DA:234,0
DA:238,0
DA:241,0
DA:242,0
DA:244,0
DA:246,0
DA:251,0
DA:258,0
DA:259,0
DA:260,0
DA:261,0
DA:265,0
DA:268,0
DA:269,0
DA:271,0
DA:277,0
DA:285,0
DA:286,0
DA:287,0
DA:288,0
DA:290,0
DA:292,0
DA:298,0
DA:299,0
DA:302,0
DA:308,0
DA:315,0
DA:316,0
DA:317,0
DA:319,0
DA:325,0
DA:332,0
DA:333,0
DA:334,0
DA:335,0
DA:337,0
DA:338,0
DA:344,0
DA:350,0
DA:357,0
DA:358,0
DA:359,0
DA:360,0
DA:361,0
DA:363,0
DA:365,0
DA:371,0
DA:372,0
DA:375,0
DA:381,0
DA:388,0
DA:389,0
DA:390,0
DA:391,0
DA:393,0
DA:395,0
DA:400,0
LF:129
LH:0
BRDA:69,0,0,0
BRDA:69,0,1,0
BRDA:78,1,0,0
BRDA:78,1,1,0
BRDA:93,2,0,0
BRDA:93,2,1,0
BRDA:113,3,0,0
BRDA:113,3,1,0
BRDA:119,4,0,0
BRDA:119,4,1,0
BRDA:194,5,0,0
BRDA:194,5,1,0
BRDA:214,6,0,0
BRDA:214,6,1,0
BRDA:233,7,0,0
BRDA:233,7,1,0
BRDA:260,8,0,0
BRDA:260,8,1,0
BRDA:273,9,0,0
BRDA:273,9,1,0
BRDA:298,10,0,0
BRDA:298,10,1,0
BRDA:337,11,0,0
BRDA:337,11,1,0
BRDA:371,12,0,0
BRDA:371,12,1,0
BRF:26
BRH:0
end_of_record
TN:
SF:src\controllers\reviewController.ts
FN:29,(anonymous_9)
FN:30,(anonymous_10)
FN:31,(anonymous_11)
FN:32,(anonymous_12)
FN:35,(anonymous_13)
FN:65,(anonymous_14)
FN:103,(anonymous_15)
FN:131,(anonymous_16)
FN:158,(anonymous_17)
FN:192,(anonymous_18)
FN:206,(anonymous_19)
FN:239,(anonymous_20)
FN:266,(anonymous_21)
FN:278,(anonymous_22)
FN:306,(anonymous_23)
FNF:15
FNH:0
FNDA:0,(anonymous_9)
FNDA:0,(anonymous_10)
FNDA:0,(anonymous_11)
FNDA:0,(anonymous_12)
FNDA:0,(anonymous_13)
FNDA:0,(anonymous_14)
FNDA:0,(anonymous_15)
FNDA:0,(anonymous_16)
FNDA:0,(anonymous_17)
FNDA:0,(anonymous_18)
FNDA:0,(anonymous_19)
FNDA:0,(anonymous_20)
FNDA:0,(anonymous_21)
FNDA:0,(anonymous_22)
FNDA:0,(anonymous_23)
DA:2,0
DA:3,0
DA:14,0
DA:21,0
DA:26,0
DA:29,0
DA:30,0
DA:31,0
DA:32,0
DA:35,0
DA:36,0
DA:37,0
DA:38,0
DA:40,0
DA:42,0
DA:48,0
DA:50,0
DA:51,0
DA:58,0
DA:65,0
DA:66,0
DA:67,0
DA:68,0
DA:69,0
DA:71,0
DA:72,0
DA:78,0
DA:80,0
DA:86,0
DA:88,0
DA:89,0
DA:96,0
DA:103,0
DA:104,0
DA:105,0
DA:106,0
DA:108,0
DA:109,0
DA:115,0
DA:117,0
DA:122,0
DA:124,0
DA:131,0
DA:132,0
DA:133,0
DA:135,0
DA:136,0
DA:142,0
DA:144,0
DA:149,0
DA:151,0
DA:158,0
DA:159,0
DA:160,0
DA:161,0
DA:163,0
DA:165,0
DA:175,0
DA:177,0
DA:178,0
DA:185,0
DA:192,0
DA:193,0
DA:194,0
DA:195,0
DA:196,0
DA:198,0
DA:199,0
DA:206,0
DA:207,0
DA:211,0
DA:212,0
DA:218,0
DA:220,0
DA:230,0
DA:232,0
DA:239,0
DA:240,0
DA:241,0
DA:242,0
DA:243,0
DA:245,0
DA:247,0
DA:257,0
DA:259,0
DA:266,0
DA:267,0
DA:268,0
DA:270,0
DA:271,0
DA:278,0
DA:279,0
DA:283,0
DA:284,0
DA:290,0
DA:292,0
DA:297,0
DA:299,0
DA:306,0
DA:307,0
DA:308,0
DA:309,0
DA:310,0
DA:312,0
DA:313,0
DA:319,0
DA:325,0
DA:330,0
DA:332,0
LF:109
LH:0
BRDA:50,0,0,0
BRDA:50,0,1,0
BRDA:60,1,0,0
BRDA:60,1,1,0
BRDA:71,2,0,0
BRDA:71,2,1,0
BRDA:88,3,0,0
BRDA:88,3,1,0
BRDA:98,4,0,0
BRDA:98,4,1,0
BRDA:108,5,0,0
BRDA:108,5,1,0
BRDA:126,6,0,0
BRDA:126,6,1,0
BRDA:135,7,0,0
BRDA:135,7,1,0
BRDA:153,8,0,0
BRDA:153,8,1,0
BRDA:177,9,0,0
BRDA:177,9,1,0
BRDA:187,10,0,0
BRDA:187,10,1,0
BRDA:195,11,0,0
BRDA:195,11,1,0
BRDA:196,12,0,0
BRDA:196,12,1,0
BRDA:198,13,0,0
BRDA:198,13,1,0
BRDA:211,14,0,0
BRDA:211,14,1,0
BRDA:234,15,0,0
BRDA:234,15,1,0
BRDA:242,16,0,0
BRDA:242,16,1,0
BRDA:243,17,0,0
BRDA:243,17,1,0
BRDA:261,18,0,0
BRDA:261,18,1,0
BRDA:270,19,0,0
BRDA:270,19,1,0
BRDA:283,20,0,0
BRDA:283,20,1,0
BRDA:301,21,0,0
BRDA:301,21,1,0
BRDA:312,22,0,0
BRDA:312,22,1,0
BRDA:334,23,0,0
BRDA:334,23,1,0
BRF:48
BRH:0
end_of_record
TN:
SF:src\controllers\storeController.ts
FN:51,(anonymous_0)
FN:76,(anonymous_1)
FN:89,(anonymous_2)
FN:118,(anonymous_3)
FN:143,(anonymous_4)
FN:160,(anonymous_5)
FN:189,(anonymous_6)
FN:202,(anonymous_7)
FN:232,(anonymous_8)
FNF:9
FNH:0
FNDA:0,(anonymous_0)
FNDA:0,(anonymous_1)
FNDA:0,(anonymous_2)
FNDA:0,(anonymous_3)
FNDA:0,(anonymous_4)
FNDA:0,(anonymous_5)
FNDA:0,(anonymous_6)
FNDA:0,(anonymous_7)
FNDA:0,(anonymous_8)
DA:2,0
DA:4,0
DA:5,0
DA:7,0
DA:9,0
DA:30,0
DA:51,0
DA:52,0
DA:53,0
DA:54,0
DA:58,0
DA:61,0
DA:62,0
DA:64,0
DA:66,0
DA:72,0
DA:73,0
DA:76,0
DA:82,0
DA:89,0
DA:90,0
DA:91,0
DA:92,0
DA:93,0
DA:94,0
DA:96,0
DA:98,0
DA:99,0
DA:105,0
DA:111,0
DA:118,0
DA:119,0
DA:120,0
DA:121,0
DA:125,0
DA:128,0
DA:130,0
DA:136,0
DA:143,0
DA:144,0
DA:145,0
DA:147,0
DA:153,0
DA:160,0
DA:161,0
DA:162,0
DA:163,0
DA:169,0
DA:170,0
DA:171,0
DA:172,0
DA:174,0
DA:175,0
DA:177,0
DA:179,0
DA:185,0
DA:186,0
DA:189,0
DA:195,0
DA:202,0
DA:203,0
DA:204,0
DA:205,0
DA:211,0
DA:212,0
DA:213,0
DA:214,0
DA:216,0
DA:218,0
DA:220,0
DA:225,0
DA:232,0
DA:233,0
DA:234,0
DA:235,0
DA:241,0
DA:242,0
DA:243,0
DA:244,0
DA:246,0
DA:248,0
DA:254,0
LF:82
LH:0
BRDA:53,0,0,0
BRDA:53,0,1,0
BRDA:72,1,0,0
BRDA:72,1,1,0
BRDA:92,2,0,0
BRDA:92,2,1,0
BRDA:98,3,0,0
BRDA:98,3,1,0
BRDA:120,4,0,0
BRDA:120,4,1,0
BRDA:162,5,0,0
BRDA:162,5,1,0
BRDA:170,6,0,0
BRDA:170,6,1,0
BRDA:185,7,0,0
BRDA:185,7,1,0
BRDA:204,8,0,0
BRDA:204,8,1,0
BRDA:212,9,0,0
BRDA:212,9,1,0
BRDA:234,10,0,0
BRDA:234,10,1,0
BRDA:242,11,0,0
BRDA:242,11,1,0
BRDA:250,12,0,0
BRDA:250,12,1,0
BRF:26
BRH:0
end_of_record
TN:
SF:src\controllers\uploadController.ts
FN:27,(anonymous_9)
FN:31,(anonymous_10)
FN:70,(anonymous_11)
FN:81,(anonymous_12)
FN:114,(anonymous_13)
FN:125,(anonymous_14)
FN:153,(anonymous_15)
FN:164,(anonymous_16)
FN:195,(anonymous_17)
FN:206,(anonymous_18)
FN:238,(anonymous_19)
FN:275,(anonymous_20)
FN:291,(anonymous_21)
FN:320,(anonymous_22)
FNF:14
FNH:0
FNDA:0,(anonymous_9)
FNDA:0,(anonymous_10)
FNDA:0,(anonymous_11)
FNDA:0,(anonymous_12)
FNDA:0,(anonymous_13)
FNDA:0,(anonymous_14)
FNDA:0,(anonymous_15)
FNDA:0,(anonymous_16)
FNDA:0,(anonymous_17)
FNDA:0,(anonymous_18)
FNDA:0,(anonymous_19)
FNDA:0,(anonymous_20)
FNDA:0,(anonymous_21)
FNDA:0,(anonymous_22)
DA:2,0
DA:4,0
DA:5,0
DA:7,0
DA:12,0
DA:20,0
DA:24,0
DA:27,0
DA:31,0
DA:32,0
DA:33,0
DA:34,0
DA:38,0
DA:41,0
DA:42,0
DA:46,0
DA:49,0
DA:51,0
DA:58,0
DA:60,0
DA:66,0
DA:67,0
DA:70,0
DA:75,0
DA:77,0
DA:81,0
DA:82,0
DA:83,0
DA:84,0
DA:88,0
DA:91,0
DA:93,0
DA:102,0
DA:104,0
DA:110,0
DA:111,0
DA:114,0
DA:119,0
DA:121,0
DA:125,0
DA:126,0
DA:127,0
DA:128,0
DA:132,0
DA:135,0
DA:137,0
DA:142,0
DA:144,0
DA:149,0
DA:150,0
DA:153,0
DA:158,0
DA:160,0
DA:164,0
DA:165,0
DA:166,0
DA:167,0
DA:171,0
DA:174,0
DA:176,0
DA:184,0
DA:186,0
DA:191,0
DA:192,0
DA:195,0
DA:200,0
DA:202,0
DA:206,0
DA:207,0
DA:208,0
DA:209,0
DA:213,0
DA:216,0
DA:218,0
DA:219,0
DA:223,0
DA:226,0
DA:228,0
DA:234,0
DA:238,0
DA:239,0
DA:240,0
DA:241,0
DA:245,0
DA:248,0
DA:249,0
DA:253,0
DA:257,0
DA:258,0
DA:262,0
DA:265,0
DA:272,0
DA:275,0
DA:276,0
DA:281,0
DA:287,0
DA:291,0
DA:292,0
DA:293,0
DA:294,0
DA:298,0
DA:301,0
DA:302,0
DA:306,0
DA:309,0
DA:311,0
DA:312,0
DA:316,0
DA:320,0
DA:321,0
DA:328,0
DA:329,0
DA:333,0
DA:336,0
DA:347,0
DA:350,0
DA:359,0
DA:365,0
LF:118
LH:0
BRDA:33,0,0,0
BRDA:33,0,1,0
BRDA:41,1,0,0
BRDA:41,1,1,0
BRDA:55,2,0,0
BRDA:55,2,1,0
BRDA:66,3,0,0
BRDA:66,3,1,0
BRDA:83,4,0,0
BRDA:83,4,1,0
BRDA:99,5,0,0
BRDA:99,5,1,0
BRDA:110,6,0,0
BRDA:110,6,1,0
BRDA:127,7,0,0
BRDA:127,7,1,0
BRDA:149,8,0,0
BRDA:149,8,1,0
BRDA:166,9,0,0
BRDA:166,9,1,0
BRDA:178,10,0,0
BRDA:178,10,1,0
BRDA:179,11,0,0
BRDA:179,11,1,0
BRDA:181,12,0,0
BRDA:181,12,1,0
BRDA:191,13,0,0
BRDA:191,13,1,0
BRDA:208,14,0,0
BRDA:208,14,1,0
BRDA:218,15,0,0
BRDA:218,15,1,0
BRDA:240,16,0,0
BRDA:240,16,1,0
BRDA:248,17,0,0
BRDA:248,17,1,0
BRDA:257,18,0,0
BRDA:257,18,1,0
BRDA:293,19,0,0
BRDA:293,19,1,0
BRDA:301,20,0,0
BRDA:301,20,1,0
BRDA:311,21,0,0
BRDA:311,21,1,0
BRDA:328,22,0,0
BRDA:328,22,1,0
BRF:46
BRH:0
end_of_record
TN:
SF:src\controllers\userController.ts
FN:42,(anonymous_0)
FN:70,(anonymous_1)
FN:99,(anonymous_2)
FN:113,(anonymous_3)
FN:142,(anonymous_4)
FN:171,(anonymous_5)
FN:185,(anonymous_6)
FN:223,(anonymous_7)
FN:237,(anonymous_8)
FN:266,(anonymous_9)
FNF:10
FNH:0
FNDA:0,(anonymous_0)
FNDA:0,(anonymous_1)
FNDA:0,(anonymous_2)
FNDA:0,(anonymous_3)
FNDA:0,(anonymous_4)
FNDA:0,(anonymous_5)
FNDA:0,(anonymous_6)
FNDA:0,(anonymous_7)
FNDA:0,(anonymous_8)
FNDA:0,(anonymous_9)
DA:2,0
DA:4,0
DA:6,0
DA:8,0
DA:17,0
DA:28,0
DA:42,0
DA:46,0
DA:47,0
DA:48,0
DA:52,0
DA:55,0
DA:57,0
DA:63,0
DA:70,0
DA:74,0
DA:75,0
DA:76,0
DA:80,0
DA:83,0
DA:84,0
DA:89,0
DA:95,0
DA:96,0
DA:99,0
DA:106,0
DA:113,0
DA:117,0
DA:118,0
DA:119,0
DA:123,0
DA:126,0
DA:128,0
DA:134,0
DA:142,0
DA:146,0
DA:147,0
DA:148,0
DA:152,0
DA:155,0
DA:156,0
DA:161,0
DA:167,0
DA:168,0
DA:171,0
DA:178,0
DA:185,0
DA:189,0
DA:190,0
DA:191,0
DA:195,0
DA:198,0
DA:199,0
DA:200,0
DA:203,0
DA:205,0
DA:207,0
DA:213,0
DA:219,0
DA:220,0
DA:223,0
DA:230,0
DA:237,0
DA:238,0
DA:239,0
DA:240,0
DA:244,0
DA:247,0
DA:248,0
DA:249,0
DA:250,0
DA:252,0
DA:254,0
DA:259,0
DA:266,0
DA:270,0
DA:271,0
DA:272,0
DA:276,0
DA:279,0
DA:280,0
DA:281,0
DA:284,0
DA:286,0
DA:291,0
DA:297,0
LF:86
LH:0
BRDA:47,0,0,0
BRDA:47,0,1,0
BRDA:75,1,0,0
BRDA:75,1,1,0
BRDA:95,2,0,0
BRDA:95,2,1,0
BRDA:118,3,0,0
BRDA:118,3,1,0
BRDA:147,4,0,0
BRDA:147,4,1,0
BRDA:167,5,0,0
BRDA:167,5,1,0
BRDA:190,6,0,0
BRDA:190,6,1,0
BRDA:199,7,0,0
BRDA:199,7,1,0
BRDA:219,8,0,0
BRDA:219,8,1,0
BRDA:239,9,0,0
BRDA:239,9,1,0
BRDA:248,10,0,0
BRDA:248,10,1,0
BRDA:271,11,0,0
BRDA:271,11,1,0
BRDA:280,12,0,0
BRDA:280,12,1,0
BRF:26
BRH:0
end_of_record
TN:
SF:src\middleware\auth.ts
FN:13,(anonymous_0)
FN:50,(anonymous_1)
FN:51,(anonymous_2)
FNF:3
FNH:0
FNDA:0,(anonymous_0)
FNDA:0,(anonymous_1)
FNDA:0,(anonymous_2)
DA:2,0
DA:3,0
DA:13,0
DA:18,0
DA:19,0
DA:21,0
DA:22,0
DA:23,0
DA:26,0
DA:28,0
DA:33,0
DA:34,0
DA:35,0
DA:38,0
DA:44,0
DA:46,0
DA:50,0
DA:51,0
DA:56,0
DA:57,0
DA:58,0
DA:61,0
DA:62,0
DA:63,0
DA:66,0
LF:25
LH:0
BRDA:21,0,0,0
BRDA:21,0,1,0
BRDA:33,1,0,0
BRDA:33,1,1,0
BRDA:33,2,0,0
BRDA:33,2,1,0
BRDA:56,3,0,0
BRDA:56,3,1,0
BRDA:61,4,0,0
BRDA:61,4,1,0
BRF:10
BRH:0
end_of_record
TN:
SF:src\middleware\cache.ts
FN:11,(anonymous_0)
FN:19,(anonymous_1)
FN:39,(anonymous_2)
FN:58,(anonymous_3)
FN:69,(anonymous_4)
FN:79,(anonymous_5)
FN:89,(anonymous_6)
FN:98,(anonymous_7)
FN:107,(anonymous_8)
FN:114,(anonymous_9)
FN:122,(anonymous_10)
FN:131,(anonymous_11)
FN:140,(anonymous_12)
FN:144,(anonymous_13)
FN:153,(anonymous_14)
FNF:15
FNH:6
FNDA:14,(anonymous_0)
FNDA:9,(anonymous_1)
FNDA:6,(anonymous_2)
FNDA:7,(anonymous_3)
FNDA:0,(anonymous_4)
FNDA:0,(anonymous_5)
FNDA:0,(anonymous_6)
FNDA:0,(anonymous_7)
FNDA:0,(anonymous_8)
FNDA:5,(anonymous_9)
FNDA:2,(anonymous_10)
FNDA:0,(anonymous_11)
FNDA:0,(anonymous_12)
FNDA:0,(anonymous_13)
FNDA:0,(anonymous_14)
DA:2,1
DA:11,1
DA:17,14
DA:19,14
DA:20,9
DA:21,1
DA:24,8
DA:25,8
DA:27,8
DA:28,8
DA:30,7
DA:31,1
DA:38,6
DA:39,6
DA:40,6
DA:41,4
DA:42,4
DA:43,1
DA:45,4
DA:47,6
DA:50,6
DA:52,1
DA:53,1
DA:58,1
DA:59,7
DA:60,7
DA:61,7
DA:63,7
DA:66,1
DA:70,0
DA:71,0
DA:72,0
DA:76,1
DA:80,0
DA:81,0
DA:82,0
DA:86,1
DA:90,0
DA:91,0
DA:95,1
DA:99,0
DA:100,0
DA:104,1
DA:108,0
DA:109,0
DA:110,0
DA:114,1
DA:115,5
DA:116,5
DA:118,1
DA:122,1
DA:123,2
DA:124,1
DA:125,1
DA:127,1
DA:131,1
DA:132,0
DA:133,0
DA:134,0
DA:136,0
DA:140,1
DA:141,0
DA:144,1
DA:145,0
DA:146,0
DA:147,0
DA:149,0
DA:153,1
DA:154,0
DA:155,0
DA:157,0
LF:71
LH:46
BRDA:11,0,0,5
BRDA:13,1,0,8
BRDA:20,2,0,1
BRDA:20,2,1,8
BRDA:20,3,0,9
BRDA:20,3,1,1
BRDA:24,4,0,1
BRDA:24,4,1,7
BRDA:25,5,0,1
BRDA:25,5,1,7
BRDA:30,6,0,1
BRDA:30,6,1,6
BRDA:40,7,0,4
BRDA:40,7,1,2
BRDA:40,8,0,6
BRDA:40,8,1,5
BRDA:42,9,0,1
BRDA:42,9,1,3
BRDA:60,10,0,0
BRDA:60,10,1,7
BRDA:61,11,0,0
BRDA:61,11,1,7
BRDA:72,12,0,0
BRDA:72,12,1,0
BRDA:72,13,0,0
BRDA:72,13,1,0
BRDA:72,14,0,0
BRDA:72,14,1,0
BRDA:72,15,0,0
BRDA:72,15,1,0
BRDA:82,16,0,0
BRDA:82,16,1,0
BRDA:82,17,0,0
BRDA:82,17,1,0
BRDA:82,18,0,0
BRDA:82,18,1,0
BRDA:82,19,0,0
BRDA:82,19,1,0
BRDA:91,20,0,0
BRDA:91,20,1,0
BRDA:110,21,0,0
BRDA:110,21,1,0
BRDA:110,22,0,0
BRDA:110,22,1,0
BRDA:110,23,0,0
BRDA:110,23,1,0
BRDA:110,24,0,0
BRDA:110,24,1,0
BRDA:123,25,0,1
BRDA:123,25,1,1
BRDA:132,26,0,0
BRDA:132,26,1,0
BRDA:145,27,0,0
BRDA:145,27,1,0
BRDA:154,28,0,0
BRDA:154,28,1,0
BRF:56
BRH:22
end_of_record
TN:
SF:src\middleware\upload.ts
FN:9,(anonymous_1)
FN:38,(anonymous_2)
FN:39,(anonymous_3)
FN:42,(anonymous_4)
FN:86,(anonymous_5)
FN:87,(anonymous_6)
FN:90,(anonymous_7)
FN:134,(anonymous_8)
FN:135,(anonymous_9)
FN:138,(anonymous_10)
FN:182,(anonymous_11)
FN:202,(anonymous_12)
FN:228,(anonymous_13)
FN:254,(anonymous_14)
FN:262,(anonymous_15)
FN:267,(anonymous_16)
FN:272,(anonymous_17)
FN:277,(anonymous_18)
FNF:18
FNH:0
FNDA:0,(anonymous_1)
FNDA:0,(anonymous_2)
FNDA:0,(anonymous_3)
FNDA:0,(anonymous_4)
FNDA:0,(anonymous_5)
FNDA:0,(anonymous_6)
FNDA:0,(anonymous_7)
FNDA:0,(anonymous_8)
FNDA:0,(anonymous_9)
FNDA:0,(anonymous_10)
FNDA:0,(anonymous_11)
FNDA:0,(anonymous_12)
FNDA:0,(anonymous_13)
FNDA:0,(anonymous_14)
FNDA:0,(anonymous_15)
FNDA:0,(anonymous_16)
FNDA:0,(anonymous_17)
FNDA:0,(anonymous_18)
DA:1,0
DA:3,0
DA:6,0
DA:9,0
DA:11,0
DA:20,0
DA:21,0
DA:23,0
DA:28,0
DA:38,0
DA:39,0
DA:40,0
DA:42,0
DA:43,0
DA:44,0
DA:45,0
DA:49,0
DA:51,0
DA:52,0
DA:56,0
DA:58,0
DA:59,0
DA:63,0
DA:65,0
DA:69,0
DA:72,0
DA:73,0
DA:77,0
DA:80,0
DA:86,0
DA:87,0
DA:88,0
DA:90,0
DA:91,0
DA:92,0
DA:93,0
DA:97,0
DA:99,0
DA:100,0
DA:104,0
DA:106,0
DA:107,0
DA:111,0
DA:113,0
DA:117,0
DA:120,0
DA:121,0
DA:125,0
DA:128,0
DA:134,0
DA:135,0
DA:136,0
DA:138,0
DA:139,0
DA:140,0
DA:141,0
DA:145,0
DA:147,0
DA:148,0
DA:152,0
DA:154,0
DA:155,0
DA:159,0
DA:161,0
DA:165,0
DA:168,0
DA:169,0
DA:173,0
DA:176,0
DA:182,0
DA:183,0
DA:184,0
DA:188,0
DA:189,0
DA:198,0
DA:202,0
DA:203,0
DA:204,0
DA:208,0
DA:209,0
DA:216,0
DA:217,0
DA:218,0
DA:224,0
DA:228,0
DA:229,0
DA:230,0
DA:234,0
DA:235,0
DA:242,0
DA:243,0
DA:244,0
DA:250,0
DA:254,0
DA:255,0
DA:256,0
DA:257,0
DA:258,0
DA:262,0
DA:263,0
DA:267,0
DA:268,0
DA:272,0
DA:273,0
DA:277,0
DA:278,0
LF:106
LH:0
BRDA:20,0,0,0
BRDA:20,0,1,0
BRDA:38,1,0,0
BRDA:43,2,0,0
BRDA:43,2,1,0
BRDA:44,3,0,0
BRDA:44,3,1,0
BRDA:51,4,0,0
BRDA:51,4,1,0
BRDA:58,5,0,0
BRDA:58,5,1,0
BRDA:72,6,0,0
BRDA:72,6,1,0
BRDA:86,7,0,0
BRDA:86,8,0,0
BRDA:91,9,0,0
BRDA:91,9,1,0
BRDA:92,10,0,0
BRDA:92,10,1,0
BRDA:99,11,0,0
BRDA:99,11,1,0
BRDA:106,12,0,0
BRDA:106,12,1,0
BRDA:120,13,0,0
BRDA:120,13,1,0
BRDA:139,14,0,0
BRDA:139,14,1,0
BRDA:140,15,0,0
BRDA:140,15,1,0
BRDA:147,16,0,0
BRDA:147,16,1,0
BRDA:154,17,0,0
BRDA:154,17,1,0
BRDA:168,18,0,0
BRDA:168,18,1,0
BRDA:183,19,0,0
BRDA:183,19,1,0
BRDA:188,20,0,0
BRDA:188,20,1,0
BRDA:203,21,0,0
BRDA:203,21,1,0
BRDA:208,22,0,0
BRDA:208,22,1,0
BRDA:217,23,0,0
BRDA:217,23,1,0
BRDA:229,24,0,0
BRDA:229,24,1,0
BRDA:234,25,0,0
BRDA:234,25,1,0
BRDA:243,26,0,0
BRDA:243,26,1,0
BRDA:262,27,0,0
BRDA:273,28,0,0
BRDA:273,28,1,0
BRF:54
BRH:0
end_of_record
TN:
SF:src\routes\auth.ts
FNF:0
FNH:0
DA:1,0
DA:2,0
DA:3,0
DA:5,0
DA:6,0
DA:8,0
DA:9,0
DA:10,0
DA:11,0
DA:13,0
LF:10
LH:0
BRF:0
BRH:0
end_of_record
TN:
SF:src\routes\cart.ts
FNF:0
FNH:0
DA:1,0
DA:2,0
DA:3,0
DA:12,0
DA:15,0
DA:18,0
DA:19,0
DA:20,0
DA:21,0
DA:22,0
DA:23,0
DA:25,0
LF:12
LH:0
BRF:0
BRH:0
end_of_record
TN:
SF:src\routes\chat.ts
FNF:0
FNH:0
DA:1,0
DA:2,0
DA:3,0
DA:15,0
DA:18,0
DA:24,0
DA:30,0
DA:36,0
DA:42,0
DA:48,0
DA:54,0
DA:60,0
DA:66,0
DA:71,0
LF:14
LH:0
BRF:0
BRH:0
end_of_record
TN:
SF:src\routes\coupon.ts
FNF:0
FNH:0
DA:1,0
DA:2,0
DA:3,0
DA:4,0
DA:18,0
DA:21,0
DA:22,0
DA:23,0
DA:24,0
DA:25,0
DA:26,0
DA:29,0
DA:30,0
DA:32,0
LF:14
LH:0
BRF:0
BRH:0
end_of_record
TN:
SF:src\routes\notification.ts
FNF:0
FNH:0
DA:1,0
DA:2,0
DA:10,0
DA:11,0
DA:13,0
DA:15,0
DA:17,0
DA:19,0
DA:21,0
DA:23,0
DA:25,0
DA:27,0
LF:12
LH:0
BRF:0
BRH:0
end_of_record
TN:
SF:src\routes\order.ts
FNF:0
FNH:0
DA:1,0
DA:2,0
DA:3,0
DA:4,0
DA:14,0
DA:16,0
DA:18,0
DA:19,0
DA:20,0
DA:21,0
DA:23,0
DA:24,0
DA:25,0
DA:26,0
DA:28,0
LF:15
LH:0
BRF:0
BRH:0
end_of_record
TN:
SF:src\routes\payment.ts
FNF:0
FNH:0
DA:1,0
DA:2,0
DA:9,0
DA:12,0
DA:14,0
DA:16,0
DA:18,0
DA:20,0
DA:22,0
DA:24,0
LF:10
LH:0
BRF:0
BRH:0
end_of_record
TN:
SF:src\routes\product.ts
FNF:0
FNH:0
DA:1,0
DA:2,0
DA:17,0
DA:18,0
DA:20,0
DA:23,0
DA:24,0
DA:25,0
DA:26,0
DA:27,0
DA:28,0
DA:31,0
DA:32,0
DA:33,0
DA:34,0
DA:37,0
DA:38,0
DA:39,0
DA:41,0
LF:19
LH:0
BRF:0
BRH:0
end_of_record
TN:
SF:src\routes\review.ts
FNF:0
FNH:0
DA:1,0
DA:2,0
DA:3,0
DA:15,0
DA:17,0
DA:18,0
DA:19,0
DA:20,0
DA:21,0
DA:22,0
DA:23,0
DA:24,0
DA:25,0
DA:27,0
LF:14
LH:0
BRF:0
BRH:0
end_of_record
TN:
SF:src\routes\store.ts
FNF:0
FNH:0
DA:1,0
DA:2,0
DA:11,0
DA:12,0
DA:14,0
DA:17,0
DA:18,0
DA:21,0
DA:22,0
DA:23,0
DA:24,0
DA:25,0
DA:27,0
LF:13
LH:0
BRF:0
BRH:0
end_of_record
TN:
SF:src\routes\upload.ts
FN:83,(anonymous_0)
FN:98,(anonymous_1)
FNF:2
FNH:0
FNDA:0,(anonymous_0)
FNDA:0,(anonymous_1)
DA:1,0
DA:2,0
DA:11,0
DA:12,0
DA:18,0
DA:20,0
DA:23,0
DA:30,0
DA:37,0
DA:43,0
DA:49,0
DA:55,0
DA:61,0
DA:69,0
DA:78,0
DA:85,0
DA:93,0
DA:100,0
DA:107,0
LF:19
LH:0
BRF:0
BRH:0
end_of_record
TN:
SF:src\routes\user.ts
FNF:0
FNH:0
DA:1,0
DA:2,0
DA:11,0
DA:13,0
DA:15,0
DA:17,0
DA:18,0
DA:20,0
DA:21,0
DA:22,0
DA:23,0
DA:24,0
DA:26,0
LF:13
LH:0
BRF:0
BRH:0
end_of_record
TN:
SF:src\services\authService.ts
FN:7,(anonymous_0)
FN:47,(anonymous_1)
FN:80,(anonymous_2)
FNF:3
FNH:0
FNDA:0,(anonymous_0)
FNDA:0,(anonymous_1)
FNDA:0,(anonymous_2)
DA:1,0
DA:2,0
DA:3,0
DA:6,0
DA:8,0
DA:12,0
DA:13,0
DA:16,0
DA:18,0
DA:35,0
DA:41,0
DA:48,0
DA:52,0
DA:53,0
DA:56,0
DA:58,0
DA:59,0
DA:62,0
DA:68,0
DA:81,0
DA:94,0
DA:95,0
DA:98,0
LF:23
LH:0
BRDA:12,0,0,0
BRDA:12,0,1,0
BRDA:23,1,0,0
BRDA:23,1,1,0
BRDA:24,2,0,0
BRDA:24,2,1,0
BRDA:52,3,0,0
BRDA:52,3,1,0
BRDA:52,4,0,0
BRDA:52,4,1,0
BRDA:58,5,0,0
BRDA:58,5,1,0
BRDA:94,6,0,0
BRDA:94,6,1,0
BRF:14
BRH:0
end_of_record
TN:
SF:src\services\cacheService.ts
FN:12,(anonymous_0)
FN:14,(anonymous_1)
FN:21,(anonymous_2)
FN:25,(anonymous_3)
FN:33,(anonymous_4)
FN:52,(anonymous_5)
FN:73,(anonymous_6)
FN:89,(anonymous_7)
FN:105,(anonymous_8)
FN:121,(anonymous_9)
FN:136,(anonymous_10)
FN:156,(anonymous_11)
FN:171,(anonymous_12)
FNF:13
FNH:12
FNDA:2,(anonymous_0)
FNDA:4,(anonymous_1)
FNDA:0,(anonymous_2)
FNDA:18,(anonymous_3)
FNDA:4,(anonymous_4)
FNDA:4,(anonymous_5)
FNDA:2,(anonymous_6)
FNDA:2,(anonymous_7)
FNDA:1,(anonymous_8)
FNDA:1,(anonymous_9)
FNDA:2,(anonymous_10)
FNDA:1,(anonymous_11)
FNDA:1,(anonymous_12)
DA:1,2
DA:8,2
DA:10,2
DA:15,4
DA:16,2
DA:18,4
DA:22,0
DA:26,18
DA:27,18
DA:28,18
DA:30,0
DA:34,4
DA:35,4
DA:36,4
DA:37,4
DA:40,0
DA:41,0
DA:42,0
DA:44,0
DA:45,0
DA:47,0
DA:48,0
DA:53,4
DA:54,4
DA:55,4
DA:56,4
DA:59,0
DA:60,0
DA:62,0
DA:63,0
DA:66,0
DA:68,0
DA:69,0
DA:74,2
DA:75,2
DA:76,2
DA:77,2
DA:80,0
DA:81,0
DA:82,0
DA:84,0
DA:85,0
DA:90,2
DA:91,2
DA:92,2
DA:93,2
DA:96,0
DA:97,0
DA:98,0
DA:100,0
DA:101,0
DA:106,1
DA:107,1
DA:108,1
DA:109,1
DA:112,0
DA:113,0
DA:114,0
DA:116,0
DA:117,0
DA:122,1
DA:123,1
DA:124,1
DA:125,1
DA:128,0
DA:129,0
DA:131,0
DA:132,0
DA:137,2
DA:138,2
DA:139,2
DA:140,2
DA:143,0
DA:144,0
DA:145,0
DA:148,0
DA:149,0
DA:151,0
DA:152,0
DA:157,1
DA:158,1
DA:159,1
DA:160,1
DA:163,0
DA:164,0
DA:166,0
DA:167,0
DA:176,1
DA:177,1
DA:178,1
DA:179,1
DA:186,0
DA:187,0
DA:189,0
DA:195,0
DA:196,0
DA:205,2
DA:207,2
LF:98
LH:47
BRDA:15,0,0,2
BRDA:15,0,1,2
BRDA:22,1,0,0
BRDA:22,1,1,0
BRDA:27,2,0,18
BRDA:27,2,1,0
BRDA:27,3,0,18
BRDA:27,3,1,0
BRDA:33,4,0,2
BRDA:36,5,0,4
BRDA:36,5,1,0
BRDA:42,6,0,0
BRDA:42,6,1,0
BRDA:55,7,0,4
BRDA:55,7,1,0
BRDA:62,8,0,0
BRDA:62,8,1,0
BRDA:76,9,0,2
BRDA:76,9,1,0
BRDA:92,10,0,2
BRDA:92,10,1,0
BRDA:108,11,0,1
BRDA:108,11,1,0
BRDA:124,12,0,1
BRDA:124,12,1,0
BRDA:139,13,0,2
BRDA:139,13,1,0
BRDA:144,14,0,0
BRDA:144,14,1,0
BRDA:159,15,0,1
BRDA:159,15,1,0
BRDA:178,16,0,1
BRDA:178,16,1,0
BRF:33
BRH:14
end_of_record
TN:
SF:src\services\cartService.ts
FN:5,(anonymous_0)
FN:26,(anonymous_1)
FN:105,(anonymous_2)
FN:142,(anonymous_3)
FN:159,(anonymous_4)
FN:165,(anonymous_5)
FN:177,(anonymous_6)
FN:178,(anonymous_7)
FN:187,(anonymous_8)
FN:188,(anonymous_9)
FN:189,(anonymous_10)
FN:194,(anonymous_11)
FN:202,(anonymous_12)
FNF:13
FNH:0
FNDA:0,(anonymous_0)
FNDA:0,(anonymous_1)
FNDA:0,(anonymous_2)
FNDA:0,(anonymous_3)
FNDA:0,(anonymous_4)
FNDA:0,(anonymous_5)
FNDA:0,(anonymous_6)
FNDA:0,(anonymous_7)
FNDA:0,(anonymous_8)
FNDA:0,(anonymous_9)
FNDA:0,(anonymous_10)
FNDA:0,(anonymous_11)
FNDA:0,(anonymous_12)
DA:1,0
DA:4,0
DA:6,0
DA:23,0
DA:27,0
DA:40,0
DA:41,0
DA:44,0
DA:45,0
DA:48,0
DA:49,0
DA:52,0
DA:59,0
DA:60,0
DA:78,0
DA:81,0
DA:102,0
DA:106,0
DA:113,0
DA:114,0
DA:117,0
DA:118,0
DA:121,0
DA:139,0
DA:143,0
DA:150,0
DA:151,0
DA:154,0
DA:160,0
DA:166,0
DA:177,0
DA:178,0
DA:180,0
DA:188,0
DA:189,0
DA:191,0
DA:194,0
DA:203,0
LF:38
LH:0
BRDA:40,0,0,0
BRDA:40,0,1,0
BRDA:44,1,0,0
BRDA:44,1,1,0
BRDA:48,2,0,0
BRDA:48,2,1,0
BRDA:59,3,0,0
BRDA:59,3,1,0
BRDA:113,4,0,0
BRDA:113,4,1,0
BRDA:117,5,0,0
BRDA:117,5,1,0
BRDA:150,6,0,0
BRDA:150,6,1,0
BRDA:197,7,0,0
BRDA:197,7,1,0
BRDA:198,8,0,0
BRDA:198,8,1,0
BRF:18
BRH:0
end_of_record
TN:
SF:src\services\categoryService.ts
FN:5,(anonymous_0)
FN:30,(anonymous_1)
FN:35,(anonymous_2)
FN:44,(anonymous_3)
FN:62,(anonymous_4)
FN:100,(anonymous_5)
FNF:6
FNH:0
FNDA:0,(anonymous_0)
FNDA:0,(anonymous_1)
FNDA:0,(anonymous_2)
FNDA:0,(anonymous_3)
FNDA:0,(anonymous_4)
FNDA:0,(anonymous_5)
DA:1,0
DA:4,0
DA:6,0
DA:10,0
DA:11,0
DA:14,0
DA:21,0
DA:31,0
DA:35,0
DA:45,0
DA:49,0
DA:50,0
DA:53,0
DA:63,0
DA:67,0
DA:68,0
DA:72,0
DA:73,0
DA:77,0
DA:78,0
DA:82,0
DA:83,0
DA:84,0
DA:86,0
DA:91,0
DA:101,0
DA:108,0
DA:109,0
DA:112,0
DA:113,0
DA:116,0
LF:31
LH:0
BRDA:10,0,0,0
BRDA:10,0,1,0
BRDA:17,1,0,0
BRDA:17,1,1,0
BRDA:49,2,0,0
BRDA:49,2,1,0
BRDA:67,3,0,0
BRDA:67,3,1,0
BRDA:72,4,0,0
BRDA:72,4,1,0
BRDA:72,5,0,0
BRDA:72,5,1,0
BRDA:77,6,0,0
BRDA:77,6,1,0
BRDA:83,7,0,0
BRDA:83,7,1,0
BRDA:84,8,0,0
BRDA:84,8,1,0
BRDA:108,9,0,0
BRDA:108,9,1,0
BRDA:112,10,0,0
BRDA:112,10,1,0
BRF:22
BRH:0
end_of_record
TN:
SF:src\services\chatService.ts
FN:16,(anonymous_0)
FN:57,(anonymous_1)
FN:98,(anonymous_2)
FN:130,(anonymous_3)
FN:139,(anonymous_4)
FN:167,(anonymous_5)
FN:204,(anonymous_6)
FN:220,(anonymous_7)
FN:241,(anonymous_8)
FN:262,(anonymous_9)
FN:294,(anonymous_10)
FN:308,(anonymous_11)
FN:346,(anonymous_12)
FN:367,(anonymous_13)
FN:393,(anonymous_14)
FN:420,(anonymous_15)
FNF:16
FNH:0
FNDA:0,(anonymous_0)
FNDA:0,(anonymous_1)
FNDA:0,(anonymous_2)
FNDA:0,(anonymous_3)
FNDA:0,(anonymous_4)
FNDA:0,(anonymous_5)
FNDA:0,(anonymous_6)
FNDA:0,(anonymous_7)
FNDA:0,(anonymous_8)
FNDA:0,(anonymous_9)
FNDA:0,(anonymous_10)
FNDA:0,(anonymous_11)
FNDA:0,(anonymous_12)
FNDA:0,(anonymous_13)
FNDA:0,(anonymous_14)
FNDA:0,(anonymous_15)
DA:1,0
DA:13,0
DA:15,0
DA:17,0
DA:25,0
DA:26,0
DA:29,0
DA:33,0
DA:34,0
DA:37,0
DA:54,0
DA:58,0
DA:63,0
DA:64,0
DA:67,0
DA:68,0
DA:70,0
DA:71,0
DA:74,0
DA:76,0
DA:90,0
DA:95,0
DA:99,0
DA:107,0
DA:108,0
DA:111,0
DA:112,0
DA:114,0
DA:115,0
DA:118,0
DA:126,0
DA:130,0
DA:132,0
DA:140,0
DA:144,0
DA:145,0
DA:148,0
DA:149,0
DA:151,0
DA:152,0
DA:155,0
DA:157,0
DA:168,0
DA:175,0
DA:176,0
DA:179,0
DA:180,0
DA:181,0
DA:182,0
DA:185,0
DA:201,0
DA:203,0
DA:205,0
DA:206,0
DA:213,0
DA:221,0
DA:234,0
DA:235,0
DA:238,0
DA:242,0
DA:255,0
DA:256,0
DA:259,0
DA:263,0
DA:267,0
DA:268,0
DA:271,0
DA:286,0
DA:291,0
DA:295,0
DA:308,0
DA:310,0
DA:320,0
DA:328,0
DA:338,0
DA:347,0
DA:351,0
DA:352,0
DA:355,0
DA:357,0
DA:358,0
DA:361,0
DA:368,0
DA:372,0
DA:373,0
DA:376,0
DA:377,0
DA:379,0
DA:387,0
DA:394,0
DA:421,0
DA:436,0
LF:92
LH:0
BRDA:25,0,0,0
BRDA:25,0,1,0
BRDA:33,1,0,0
BRDA:33,1,1,0
BRDA:63,2,0,0
BRDA:63,2,1,0
BRDA:70,3,0,0
BRDA:70,3,1,0
BRDA:70,4,0,0
BRDA:70,4,1,0
BRDA:74,5,0,0
BRDA:74,5,1,0
BRDA:82,6,0,0
BRDA:82,6,1,0
BRDA:98,7,0,0
BRDA:98,8,0,0
BRDA:107,9,0,0
BRDA:107,9,1,0
BRDA:114,10,0,0
BRDA:114,10,1,0
BRDA:114,11,0,0
BRDA:114,11,1,0
BRDA:144,12,0,0
BRDA:144,12,1,0
BRDA:151,13,0,0
BRDA:151,13,1,0
BRDA:151,14,0,0
BRDA:151,14,1,0
BRDA:155,15,0,0
BRDA:155,15,1,0
BRDA:167,16,0,0
BRDA:175,17,0,0
BRDA:175,17,1,0
BRDA:179,18,0,0
BRDA:179,18,1,0
BRDA:179,19,0,0
BRDA:179,19,1,0
BRDA:181,20,0,0
BRDA:181,20,1,0
BRDA:182,21,0,0
BRDA:182,21,1,0
BRDA:197,22,0,0
BRDA:197,22,1,0
BRDA:198,23,0,0
BRDA:198,23,1,0
BRDA:216,24,0,0
BRDA:216,24,1,0
BRDA:216,25,0,0
BRDA:216,25,1,0
BRDA:234,26,0,0
BRDA:234,26,1,0
BRDA:255,27,0,0
BRDA:255,27,1,0
BRDA:267,28,0,0
BRDA:267,28,1,0
BRDA:278,29,0,0
BRDA:278,29,1,0
BRDA:351,30,0,0
BRDA:351,30,1,0
BRDA:357,31,0,0
BRDA:357,31,1,0
BRDA:372,32,0,0
BRDA:372,32,1,0
BRDA:377,33,0,0
BRDA:377,33,1,0
BRDA:388,34,0,0
BRDA:388,34,1,0
BRDA:389,35,0,0
BRDA:389,35,1,0
BRDA:413,36,0,0
BRDA:413,36,1,0
BRF:71
BRH:0
end_of_record
TN:
SF:src\services\couponService.ts
FN:6,(anonymous_0)
FN:56,(anonymous_1)
FN:83,(anonymous_2)
FN:94,(anonymous_3)
FN:124,(anonymous_4)
FN:131,(anonymous_5)
FN:155,(anonymous_6)
FN:179,(anonymous_7)
FN:231,(anonymous_8)
FN:245,(anonymous_9)
FN:335,(anonymous_10)
FN:336,(anonymous_11)
FN:353,(anonymous_12)
FN:388,(anonymous_13)
FN:402,(anonymous_14)
FN:414,(anonymous_15)
FNF:16
FNH:0
FNDA:0,(anonymous_0)
FNDA:0,(anonymous_1)
FNDA:0,(anonymous_2)
FNDA:0,(anonymous_3)
FNDA:0,(anonymous_4)
FNDA:0,(anonymous_5)
FNDA:0,(anonymous_6)
FNDA:0,(anonymous_7)
FNDA:0,(anonymous_8)
FNDA:0,(anonymous_9)
FNDA:0,(anonymous_10)
FNDA:0,(anonymous_11)
FNDA:0,(anonymous_12)
FNDA:0,(anonymous_13)
FNDA:0,(anonymous_14)
FNDA:0,(anonymous_15)
DA:1,0
DA:3,0
DA:5,0
DA:7,0
DA:11,0
DA:12,0
DA:15,0
DA:16,0
DA:19,0
DA:20,0
DA:24,0
DA:25,0
DA:28,0
DA:49,0
DA:57,0
DA:58,0
DA:60,0
DA:61,0
DA:64,0
DA:82,0
DA:83,0
DA:95,0
DA:96,0
DA:102,0
DA:103,0
DA:108,0
DA:111,0
DA:124,0
DA:132,0
DA:144,0
DA:145,0
DA:148,0
DA:156,0
DA:168,0
DA:169,0
DA:172,0
DA:180,0
DA:184,0
DA:185,0
DA:188,0
DA:189,0
DA:192,0
DA:193,0
DA:197,0
DA:198,0
DA:201,0
DA:202,0
DA:203,0
DA:204,0
DA:205,0
DA:206,0
DA:207,0
DA:208,0
DA:209,0
DA:211,0
DA:224,0
DA:232,0
DA:236,0
DA:237,0
DA:240,0
DA:246,0
DA:247,0
DA:248,0
DA:250,0
DA:251,0
DA:259,0
DA:260,0
DA:268,0
DA:269,0
DA:277,0
DA:278,0
DA:286,0
DA:287,0
DA:295,0
DA:296,0
DA:304,0
DA:305,0
DA:307,0
DA:308,0
DA:310,0
DA:311,0
DA:313,0
DA:314,0
DA:317,0
DA:319,0
DA:326,0
DA:336,0
DA:337,0
DA:342,0
DA:354,0
DA:356,0
DA:387,0
DA:388,0
DA:403,0
DA:407,0
DA:408,0
DA:411,0
DA:415,0
DA:419,0
DA:420,0
DA:423,0
LF:101
LH:0
BRDA:11,0,0,0
BRDA:11,0,1,0
BRDA:15,1,0,0
BRDA:15,1,1,0
BRDA:19,2,0,0
BRDA:19,2,1,0
BRDA:24,3,0,0
BRDA:24,3,1,0
BRDA:33,4,0,0
BRDA:33,4,1,0
BRDA:34,5,0,0
BRDA:34,5,1,0
BRDA:37,6,0,0
BRDA:37,6,1,0
BRDA:52,7,0,0
BRDA:52,7,1,0
BRDA:56,8,0,0
BRDA:56,9,0,0
BRDA:60,10,0,0
BRDA:60,10,1,0
BRDA:86,11,0,0
BRDA:86,11,1,0
BRDA:102,12,0,0
BRDA:102,12,1,0
BRDA:127,13,0,0
BRDA:127,13,1,0
BRDA:144,14,0,0
BRDA:144,14,1,0
BRDA:151,15,0,0
BRDA:151,15,1,0
BRDA:168,16,0,0
BRDA:168,16,1,0
BRDA:175,17,0,0
BRDA:175,17,1,0
BRDA:184,18,0,0
BRDA:184,18,1,0
BRDA:188,19,0,0
BRDA:188,19,1,0
BRDA:188,20,0,0
BRDA:188,20,1,0
BRDA:192,21,0,0
BRDA:192,21,1,0
BRDA:197,22,0,0
BRDA:197,22,1,0
BRDA:197,23,0,0
BRDA:197,23,1,0
BRDA:197,23,2,0
BRDA:202,24,0,0
BRDA:202,24,1,0
BRDA:203,25,0,0
BRDA:203,25,1,0
BRDA:204,26,0,0
BRDA:204,26,1,0
BRDA:205,27,0,0
BRDA:205,27,1,0
BRDA:206,28,0,0
BRDA:206,28,1,0
BRDA:207,29,0,0
BRDA:207,29,1,0
BRDA:208,30,0,0
BRDA:208,30,1,0
BRDA:209,31,0,0
BRDA:209,31,1,0
BRDA:227,32,0,0
BRDA:227,32,1,0
BRDA:236,33,0,0
BRDA:236,33,1,0
BRDA:250,34,0,0
BRDA:250,34,1,0
BRDA:259,35,0,0
BRDA:259,35,1,0
BRDA:268,36,0,0
BRDA:268,36,1,0
BRDA:277,37,0,0
BRDA:277,37,1,0
BRDA:277,38,0,0
BRDA:277,38,1,0
BRDA:277,38,2,0
BRDA:286,39,0,0
BRDA:286,39,1,0
BRDA:286,40,0,0
BRDA:286,40,1,0
BRDA:295,41,0,0
BRDA:295,41,1,0
BRDA:295,42,0,0
BRDA:295,42,1,0
BRDA:305,43,0,0
BRDA:305,43,1,0
BRDA:305,43,2,0
BRDA:353,44,0,0
BRDA:353,45,0,0
BRDA:402,46,0,0
BRDA:402,47,0,0
BRDA:407,48,0,0
BRDA:407,48,1,0
BRDA:419,49,0,0
BRDA:419,49,1,0
BRF:97
BRH:0
end_of_record
TN:
SF:src\services\notificationService.ts
FN:12,(anonymous_0)
FN:77,(anonymous_1)
FN:79,(anonymous_2)
FN:97,(anonymous_3)
FN:115,(anonymous_4)
FN:132,(anonymous_5)
FN:139,(anonymous_6)
FNF:7
FNH:0
FNDA:0,(anonymous_0)
FNDA:0,(anonymous_1)
FNDA:0,(anonymous_2)
FNDA:0,(anonymous_3)
FNDA:0,(anonymous_4)
FNDA:0,(anonymous_5)
FNDA:0,(anonymous_6)
DA:1,0
DA:2,0
DA:13,0
DA:17,0
DA:18,0
DA:21,0
DA:36,0
DA:38,0
DA:40,0
DA:49,0
DA:50,0
DA:64,0
DA:79,0
DA:82,0
DA:83,0
DA:86,0
DA:87,0
DA:90,0
DA:91,0
DA:94,0
DA:98,0
DA:100,0
DA:101,0
DA:102,0
DA:106,0
DA:108,0
DA:112,0
DA:116,0
DA:133,0
DA:139,0
DA:154,0
LF:31
LH:0
BRDA:17,0,0,0
BRDA:17,0,1,0
BRDA:30,1,0,0
BRDA:30,1,1,0
BRDA:31,2,0,0
BRDA:31,2,1,0
BRDA:38,3,0,0
BRDA:38,3,1,0
BRDA:44,4,0,0
BRDA:44,4,1,0
BRDA:58,5,0,0
BRDA:58,5,1,0
BRDA:59,6,0,0
BRDA:59,6,1,0
BRDA:72,7,0,0
BRDA:72,7,1,0
BRDA:82,8,0,0
BRDA:82,8,1,0
BRDA:86,9,0,0
BRDA:86,9,1,0
BRDA:90,10,0,0
BRDA:90,10,1,0
BRDA:132,11,0,0
BRF:23
BRH:0
end_of_record
TN:
SF:src\services\paymentService.ts
FN:18,(anonymous_1)
FN:67,(anonymous_2)
FN:94,(anonymous_3)
FN:122,(anonymous_4)
FN:162,(anonymous_5)
FNF:5
FNH:0
FNDA:0,(anonymous_1)
FNDA:0,(anonymous_2)
FNDA:0,(anonymous_3)
FNDA:0,(anonymous_4)
FNDA:0,(anonymous_5)
DA:1,0
DA:2,0
DA:10,0
DA:11,0
DA:13,0
DA:17,0
DA:19,0
DA:24,0
DA:25,0
DA:28,0
DA:29,0
DA:32,0
DA:34,0
DA:48,0
DA:56,0
DA:68,0
DA:70,0
DA:71,0
DA:73,0
DA:74,0
DA:77,0
DA:86,0
DA:88,0
DA:91,0
DA:95,0
DA:97,0
DA:98,0
DA:99,0
DA:101,0
DA:108,0
DA:109,0
DA:110,0
DA:112,0
DA:123,0
DA:130,0
DA:131,0
DA:134,0
DA:139,0
DA:140,0
DA:143,0
DA:145,0
DA:153,0
DA:163,0
DA:164,0
LF:44
LH:0
BRDA:13,0,0,0
BRDA:13,0,1,0
BRDA:24,1,0,0
BRDA:24,1,1,0
BRDA:28,2,0,0
BRDA:28,2,1,0
BRDA:36,3,0,0
BRDA:36,3,1,0
BRDA:58,4,0,0
BRDA:58,4,1,0
BRDA:60,5,0,0
BRDA:60,5,1,0
BRDA:70,6,0,0
BRDA:70,6,1,0
BRDA:73,7,0,0
BRDA:73,7,1,0
BRDA:97,8,0,0
BRDA:97,8,1,0
BRDA:108,9,0,0
BRDA:108,9,1,0
BRDA:130,10,0,0
BRDA:130,10,1,0
BRDA:136,11,0,0
BRDA:136,11,1,0
BRDA:139,12,0,0
BRDA:139,12,1,0
BRDA:156,13,0,0
BRDA:156,13,1,0
BRDA:157,14,0,0
BRDA:157,14,1,0
BRF:30
BRH:0
end_of_record
TN:
SF:src\services\productService.ts
FN:10,(anonymous_0)
FN:77,(anonymous_1)
FN:110,(anonymous_2)
FN:134,(anonymous_3)
FN:151,(anonymous_4)
FN:178,(anonymous_5)
FN:195,(anonymous_6)
FN:225,(anonymous_7)
FN:242,(anonymous_8)
FN:324,(anonymous_9)
FN:348,(anonymous_10)
FNF:11
FNH:0
FNDA:0,(anonymous_0)
FNDA:0,(anonymous_1)
FNDA:0,(anonymous_2)
FNDA:0,(anonymous_3)
FNDA:0,(anonymous_4)
FNDA:0,(anonymous_5)
FNDA:0,(anonymous_6)
FNDA:0,(anonymous_7)
FNDA:0,(anonymous_8)
FNDA:0,(anonymous_9)
FNDA:0,(anonymous_10)
DA:1,0
DA:9,0
DA:16,0
DA:23,0
DA:24,0
DA:28,0
DA:32,0
DA:33,0
DA:36,0
DA:71,0
DA:78,0
DA:98,0
DA:99,0
DA:102,0
DA:111,0
DA:134,0
DA:152,0
DA:178,0
DA:198,0
DA:225,0
DA:249,0
DA:259,0
DA:260,0
DA:264,0
DA:265,0
DA:269,0
DA:270,0
DA:274,0
DA:276,0
DA:277,0
DA:278,0
DA:279,0
DA:280,0
DA:281,0
DA:282,0
DA:283,0
DA:284,0
DA:285,0
DA:286,0
DA:287,0
DA:288,0
DA:289,0
DA:290,0
DA:291,0
DA:292,0
DA:293,0
DA:294,0
DA:295,0
DA:297,0
DA:318,0
DA:329,0
DA:339,0
DA:340,0
DA:343,0
DA:353,0
DA:363,0
DA:364,0
DA:367,0
DA:388,0
LF:59
LH:0
BRDA:23,0,0,0
BRDA:23,0,1,0
BRDA:32,1,0,0
BRDA:32,1,1,0
BRDA:43,2,0,0
BRDA:43,2,1,0
BRDA:44,3,0,0
BRDA:44,3,1,0
BRDA:45,4,0,0
BRDA:45,4,1,0
BRDA:46,5,0,0
BRDA:46,5,1,0
BRDA:47,6,0,0
BRDA:47,6,1,0
BRDA:48,7,0,0
BRDA:48,7,1,0
BRDA:49,8,0,0
BRDA:49,8,1,0
BRDA:50,9,0,0
BRDA:50,9,1,0
BRDA:51,10,0,0
BRDA:51,10,1,0
BRDA:98,11,0,0
BRDA:98,11,1,0
BRDA:259,12,0,0
BRDA:259,12,1,0
BRDA:264,13,0,0
BRDA:264,13,1,0
BRDA:269,14,0,0
BRDA:269,14,1,0
BRDA:276,15,0,0
BRDA:276,15,1,0
BRDA:277,16,0,0
BRDA:277,16,1,0
BRDA:279,17,0,0
BRDA:279,17,1,0
BRDA:280,18,0,0
BRDA:280,18,1,0
BRDA:281,19,0,0
BRDA:281,19,1,0
BRDA:283,20,0,0
BRDA:283,20,1,0
BRDA:285,21,0,0
BRDA:285,21,1,0
BRDA:287,22,0,0
BRDA:287,22,1,0
BRDA:288,23,0,0
BRDA:288,23,1,0
BRDA:289,24,0,0
BRDA:289,24,1,0
BRDA:291,25,0,0
BRDA:291,25,1,0
BRDA:292,26,0,0
BRDA:292,26,1,0
BRDA:294,27,0,0
BRDA:294,27,1,0
BRDA:339,28,0,0
BRDA:339,28,1,0
BRDA:363,29,0,0
BRDA:363,29,1,0
BRF:60
BRH:0
end_of_record
TN:
SF:src\services\reviewService.ts
FN:6,(anonymous_0)
FN:86,(anonymous_1)
FN:167,(anonymous_2)
FN:188,(anonymous_3)
FN:223,(anonymous_4)
FN:260,(anonymous_5)
FN:265,(anonymous_6)
FN:269,(anonymous_7)
FN:273,(anonymous_8)
FN:311,(anonymous_9)
FN:319,(anonymous_10)
FN:323,(anonymous_11)
FN:361,(anonymous_12)
FN:380,(anonymous_13)
FN:409,(anonymous_14)
FNF:15
FNH:0
FNDA:0,(anonymous_0)
FNDA:0,(anonymous_1)
FNDA:0,(anonymous_2)
FNDA:0,(anonymous_3)
FNDA:0,(anonymous_4)
FNDA:0,(anonymous_5)
FNDA:0,(anonymous_6)
FNDA:0,(anonymous_7)
FNDA:0,(anonymous_8)
FNDA:0,(anonymous_9)
FNDA:0,(anonymous_10)
FNDA:0,(anonymous_11)
FNDA:0,(anonymous_12)
FNDA:0,(anonymous_13)
FNDA:0,(anonymous_14)
DA:1,0
DA:3,0
DA:5,0
DA:7,0
DA:16,0
DA:17,0
DA:20,0
DA:24,0
DA:25,0
DA:28,0
DA:29,0
DA:38,0
DA:39,0
DA:43,0
DA:60,0
DA:61,0
DA:70,0
DA:81,0
DA:83,0
DA:87,0
DA:118,0
DA:119,0
DA:122,0
DA:126,0
DA:127,0
DA:130,0
DA:131,0
DA:134,0
DA:162,0
DA:164,0
DA:168,0
DA:176,0
DA:177,0
DA:180,0
DA:185,0
DA:189,0
DA:216,0
DA:217,0
DA:220,0
DA:224,0
DA:228,0
DA:229,0
DA:232,0
DA:233,0
DA:236,0
DA:237,0
DA:240,0
DA:259,0
DA:260,0
DA:266,0
DA:270,0
DA:274,0
DA:292,0
DA:301,0
DA:310,0
DA:311,0
DA:312,0
DA:315,0
DA:319,0
DA:324,0
DA:333,0
DA:334,0
DA:337,0
DA:338,0
DA:347,0
DA:350,0
DA:358,0
DA:362,0
DA:371,0
DA:381,0
DA:410,0
DA:428,0
LF:72
LH:0
BRDA:11,0,0,0
BRDA:11,0,1,0
BRDA:16,1,0,0
BRDA:16,1,1,0
BRDA:24,2,0,0
BRDA:24,2,1,0
BRDA:28,3,0,0
BRDA:28,3,1,0
BRDA:38,4,0,0
BRDA:38,4,1,0
BRDA:60,5,0,0
BRDA:60,5,1,0
BRDA:74,6,0,0
BRDA:74,6,1,0
BRDA:76,7,0,0
BRDA:76,7,1,0
BRDA:118,8,0,0
BRDA:118,8,1,0
BRDA:126,9,0,0
BRDA:126,9,1,0
BRDA:130,10,0,0
BRDA:130,10,1,0
BRDA:176,11,0,0
BRDA:176,11,1,0
BRDA:216,12,0,0
BRDA:216,12,1,0
BRDA:225,13,0,0
BRDA:225,13,1,0
BRDA:228,14,0,0
BRDA:228,14,1,0
BRDA:232,15,0,0
BRDA:232,15,1,0
BRDA:236,16,0,0
BRDA:236,16,1,0
BRDA:253,17,0,0
BRDA:253,17,1,0
BRDA:254,18,0,0
BRDA:254,18,1,0
BRDA:265,19,0,0
BRDA:265,20,0,0
BRDA:269,21,0,0
BRDA:269,22,0,0
BRDA:317,23,0,0
BRDA:317,23,1,0
BRDA:328,24,0,0
BRDA:328,24,1,0
BRDA:333,25,0,0
BRDA:333,25,1,0
BRDA:337,26,0,0
BRDA:337,26,1,0
BRDA:374,27,0,0
BRDA:374,27,1,0
BRDA:401,28,0,0
BRDA:401,28,1,0
BRF:54
BRH:0
end_of_record
TN:
SF:src\services\s3Service.ts
FN:25,(anonymous_1)
FN:50,(anonymous_2)
FN:132,(anonymous_3)
FN:188,(anonymous_4)
FN:221,(anonymous_5)
FN:235,(anonymous_6)
FN:267,(anonymous_7)
FN:300,(anonymous_8)
FN:364,(anonymous_9)
FN:394,(anonymous_10)
FN:414,(anonymous_11)
FN:429,(anonymous_12)
FN:433,(anonymous_13)
FN:438,(anonymous_14)
FN:445,(anonymous_15)
FN:447,(anonymous_16)
FN:448,(anonymous_17)
FN:450,(anonymous_18)
FNF:18
FNH:0
FNDA:0,(anonymous_1)
FNDA:0,(anonymous_2)
FNDA:0,(anonymous_3)
FNDA:0,(anonymous_4)
FNDA:0,(anonymous_5)
FNDA:0,(anonymous_6)
FNDA:0,(anonymous_7)
FNDA:0,(anonymous_8)
FNDA:0,(anonymous_9)
FNDA:0,(anonymous_10)
FNDA:0,(anonymous_11)
FNDA:0,(anonymous_12)
FNDA:0,(anonymous_13)
FNDA:0,(anonymous_14)
FNDA:0,(anonymous_15)
FNDA:0,(anonymous_16)
FNDA:0,(anonymous_17)
FNDA:0,(anonymous_18)
DA:1,0
DA:2,0
DA:3,0
DA:4,0
DA:5,0
DA:26,0
DA:29,0
DA:30,0
DA:31,0
DA:34,0
DA:43,0
DA:44,0
DA:47,0
DA:51,0
DA:54,0
DA:57,0
DA:58,0
DA:59,0
DA:61,0
DA:62,0
DA:65,0
DA:66,0
DA:72,0
DA:73,0
DA:77,0
DA:78,0
DA:81,0
DA:96,0
DA:100,0
DA:103,0
DA:117,0
DA:133,0
DA:136,0
DA:139,0
DA:140,0
DA:141,0
DA:144,0
DA:145,0
DA:146,0
DA:160,0
DA:173,0
DA:175,0
DA:189,0
DA:192,0
DA:196,0
DA:197,0
DA:201,0
DA:202,0
DA:205,0
DA:210,0
DA:214,0
DA:218,0
DA:222,0
DA:225,0
DA:226,0
DA:235,0
DA:249,0
DA:257,0
DA:264,0
DA:266,0
DA:268,0
DA:270,0
DA:274,0
DA:276,0
DA:292,0
DA:301,0
DA:304,0
DA:305,0
DA:306,0
DA:315,0
DA:317,0
DA:322,0
DA:323,0
DA:326,0
DA:333,0
DA:334,0
DA:342,0
DA:344,0
DA:352,0
DA:354,0
DA:357,0
DA:359,0
DA:360,0
DA:365,0
DA:368,0
DA:369,0
DA:376,0
DA:378,0
DA:379,0
DA:381,0
DA:382,0
DA:384,0
DA:385,0
DA:388,0
DA:389,0
DA:391,0
DA:395,0
DA:396,0
DA:405,0
DA:406,0
DA:409,0
DA:410,0
DA:415,0
DA:424,0
DA:425,0
DA:430,0
DA:434,0
DA:435,0
DA:439,0
DA:440,0
DA:442,0
DA:446,0
DA:447,0
DA:448,0
DA:449,0
DA:450,0
DA:455,0
LF:117
LH:0
BRDA:26,0,0,0
BRDA:26,0,1,0
BRDA:29,1,0,0
BRDA:29,1,1,0
BRDA:29,2,0,0
BRDA:29,2,1,0
BRDA:35,3,0,0
BRDA:35,3,1,0
BRDA:37,4,0,0
BRDA:37,4,1,0
BRDA:38,5,0,0
BRDA:38,5,1,0
BRDA:43,6,0,0
BRDA:43,6,1,0
BRDA:51,7,0,0
BRDA:65,8,0,0
BRDA:65,8,1,0
BRDA:65,9,0,0
BRDA:65,9,1,0
BRDA:77,10,0,0
BRDA:77,10,1,0
BRDA:133,11,0,0
BRDA:133,12,0,0
BRDA:144,13,0,0
BRDA:144,13,1,0
BRDA:196,14,0,0
BRDA:196,14,1,0
BRDA:201,15,0,0
BRDA:201,15,1,0
BRDA:222,16,0,0
BRDA:222,17,0,0
BRDA:225,18,0,0
BRDA:225,18,1,0
BRDA:229,19,0,0
BRDA:229,19,1,0
BRDA:259,20,0,0
BRDA:259,20,1,0
BRDA:267,21,0,0
BRDA:267,21,1,0
BRDA:268,22,0,0
BRDA:268,22,1,0
BRDA:274,23,0,0
BRDA:274,23,1,0
BRDA:294,24,0,0
BRDA:294,24,1,0
BRDA:295,25,0,0
BRDA:295,25,1,0
BRDA:304,26,0,0
BRDA:304,26,1,0
BRDA:368,27,0,0
BRDA:368,27,1,0
BRDA:368,28,0,0
BRDA:368,28,1,0
BRDA:370,29,0,0
BRDA:370,29,1,0
BRDA:376,30,0,0
BRDA:376,30,1,0
BRDA:376,30,2,0
BRDA:378,31,0,0
BRDA:378,31,1,0
BRDA:381,32,0,0
BRDA:381,32,1,0
BRDA:384,33,0,0
BRDA:384,33,1,0
BRDA:389,34,0,0
BRDA:389,34,1,0
BRDA:405,35,0,0
BRDA:405,35,1,0
BRDA:409,36,0,0
BRDA:409,36,1,0
BRDA:424,37,0,0
BRDA:424,37,1,0
BRDA:435,38,0,0
BRDA:435,38,1,0
BRDA:439,39,0,0
BRDA:439,39,1,0
BRDA:442,40,0,0
BRDA:442,40,1,0
BRF:78
BRH:0
end_of_record
TN:
SF:src\services\socketService.ts
FN:12,(anonymous_9)
FN:25,(anonymous_10)
FN:26,(anonymous_11)
FN:52,(anonymous_12)
FN:55,(anonymous_13)
FN:59,(anonymous_14)
FN:63,(anonymous_15)
FN:67,(anonymous_16)
FN:71,(anonymous_17)
FN:75,(anonymous_18)
FN:79,(anonymous_19)
FN:85,(anonymous_20)
FN:147,(anonymous_21)
FN:168,(anonymous_22)
FN:199,(anonymous_23)
FN:221,(anonymous_24)
FN:242,(anonymous_25)
FN:263,(anonymous_26)
FN:268,(anonymous_27)
FN:284,(anonymous_28)
FN:303,(anonymous_29)
FN:307,(anonymous_30)
FN:309,(anonymous_31)
FN:317,(anonymous_32)
FN:321,(anonymous_33)
FN:328,(anonymous_34)
FN:335,(anonymous_35)
FNF:27
FNH:0
FNDA:0,(anonymous_9)
FNDA:0,(anonymous_10)
FNDA:0,(anonymous_11)
FNDA:0,(anonymous_12)
FNDA:0,(anonymous_13)
FNDA:0,(anonymous_14)
FNDA:0,(anonymous_15)
FNDA:0,(anonymous_16)
FNDA:0,(anonymous_17)
FNDA:0,(anonymous_18)
FNDA:0,(anonymous_19)
FNDA:0,(anonymous_20)
FNDA:0,(anonymous_21)
FNDA:0,(anonymous_22)
FNDA:0,(anonymous_23)
FNDA:0,(anonymous_24)
FNDA:0,(anonymous_25)
FNDA:0,(anonymous_26)
FNDA:0,(anonymous_27)
FNDA:0,(anonymous_28)
FNDA:0,(anonymous_29)
FNDA:0,(anonymous_30)
FNDA:0,(anonymous_31)
FNDA:0,(anonymous_32)
FNDA:0,(anonymous_33)
FNDA:0,(anonymous_34)
FNDA:0,(anonymous_35)
DA:1,0
DA:3,0
DA:4,0
DA:7,0
DA:9,0
DA:10,0
DA:13,0
DA:22,0
DA:26,0
DA:27,0
DA:28,0
DA:30,0
DA:31,0
DA:34,0
DA:36,0
DA:41,0
DA:42,0
DA:45,0
DA:46,0
DA:48,0
DA:52,0
DA:53,0
DA:55,0
DA:56,0
DA:59,0
DA:60,0
DA:63,0
DA:64,0
DA:67,0
DA:68,0
DA:71,0
DA:72,0
DA:75,0
DA:76,0
DA:79,0
DA:80,0
DA:86,0
DA:87,0
DA:88,0
DA:90,0
DA:91,0
DA:92,0
DA:95,0
DA:103,0
DA:104,0
DA:105,0
DA:108,0
DA:109,0
DA:111,0
DA:112,0
DA:113,0
DA:116,0
DA:117,0
DA:119,0
DA:126,0
DA:128,0
DA:134,0
DA:141,0
DA:143,0
DA:148,0
DA:149,0
DA:150,0
DA:151,0
DA:153,0
DA:154,0
DA:156,0
DA:162,0
DA:164,0
DA:169,0
DA:170,0
DA:171,0
DA:173,0
DA:174,0
DA:175,0
DA:178,0
DA:186,0
DA:187,0
DA:188,0
DA:191,0
DA:192,0
DA:194,0
DA:195,0
DA:196,0
DA:199,0
DA:200,0
DA:206,0
DA:207,0
DA:213,0
DA:215,0
DA:217,0
DA:222,0
DA:223,0
DA:224,0
DA:225,0
DA:227,0
DA:234,0
DA:236,0
DA:238,0
DA:243,0
DA:244,0
DA:245,0
DA:246,0
DA:248,0
DA:255,0
DA:257,0
DA:259,0
DA:264,0
DA:265,0
DA:266,0
DA:268,0
DA:269,0
DA:271,0
DA:272,0
DA:278,0
DA:280,0
DA:285,0
DA:286,0
DA:288,0
DA:289,0
DA:290,0
DA:296,0
DA:299,0
DA:300,0
DA:304,0
DA:308,0
DA:309,0
DA:312,0
DA:313,0
DA:318,0
DA:322,0
DA:326,0
DA:328,0
DA:329,0
DA:330,0
DA:332,0
DA:335,0
DA:336,0
LF:137
LH:0
BRDA:15,0,0,0
BRDA:15,0,1,0
BRDA:28,1,0,0
BRDA:28,1,1,0
BRDA:30,2,0,0
BRDA:30,2,1,0
BRDA:34,3,0,0
BRDA:34,3,1,0
BRDA:41,4,0,0
BRDA:41,4,1,0
BRDA:90,5,0,0
BRDA:90,5,1,0
BRDA:103,6,0,0
BRDA:103,6,1,0
BRDA:111,7,0,0
BRDA:111,7,1,0
BRDA:111,8,0,0
BRDA:111,8,1,0
BRDA:121,9,0,0
BRDA:121,9,1,0
BRDA:170,10,0,0
BRDA:173,11,0,0
BRDA:173,11,1,0
BRDA:173,12,0,0
BRDA:173,12,1,0
BRDA:186,13,0,0
BRDA:186,13,1,0
BRDA:194,14,0,0
BRDA:194,14,1,0
BRDA:194,15,0,0
BRDA:194,15,1,0
BRDA:229,16,0,0
BRDA:229,16,1,0
BRDA:250,17,0,0
BRDA:250,17,1,0
BRDA:288,18,0,0
BRDA:288,18,1,0
BRDA:312,19,0,0
BRDA:312,19,1,0
BRDA:329,20,0,0
BRDA:329,20,1,0
BRF:41
BRH:0
end_of_record
TN:
SF:src\services\storeService.ts
FN:5,(anonymous_0)
FN:47,(anonymous_1)
FN:71,(anonymous_2)
FN:80,(anonymous_3)
FN:89,(anonymous_4)
FN:146,(anonymous_5)
FN:164,(anonymous_6)
FNF:7
FNH:0
FNDA:0,(anonymous_0)
FNDA:0,(anonymous_1)
FNDA:0,(anonymous_2)
FNDA:0,(anonymous_3)
FNDA:0,(anonymous_4)
FNDA:0,(anonymous_5)
FNDA:0,(anonymous_6)
DA:1,0
DA:4,0
DA:6,0
DA:11,0
DA:12,0
DA:15,0
DA:41,0
DA:48,0
DA:61,0
DA:62,0
DA:65,0
DA:72,0
DA:77,0
DA:81,0
DA:86,0
DA:90,0
DA:97,0
DA:98,0
DA:101,0
DA:103,0
DA:104,0
DA:105,0
DA:106,0
DA:107,0
DA:108,0
DA:109,0
DA:110,0
DA:111,0
DA:113,0
DA:114,0
DA:115,0
DA:126,0
DA:140,0
DA:147,0
DA:154,0
DA:155,0
DA:158,0
DA:165,0
DA:172,0
DA:173,0
DA:176,0
DA:190,0
LF:42
LH:0
BRDA:11,0,0,0
BRDA:11,0,1,0
BRDA:25,1,0,0
BRDA:25,1,1,0
BRDA:26,2,0,0
BRDA:26,2,1,0
BRDA:27,3,0,0
BRDA:27,3,1,0
BRDA:61,4,0,0
BRDA:61,4,1,0
BRDA:97,5,0,0
BRDA:97,5,1,0
BRDA:103,6,0,0
BRDA:103,6,1,0
BRDA:104,7,0,0
BRDA:104,7,1,0
BRDA:105,8,0,0
BRDA:105,8,1,0
BRDA:106,9,0,0
BRDA:106,9,1,0
BRDA:107,10,0,0
BRDA:107,10,1,0
BRDA:108,11,0,0
BRDA:108,11,1,0
BRDA:109,12,0,0
BRDA:109,12,1,0
BRDA:110,13,0,0
BRDA:110,13,1,0
BRDA:111,14,0,0
BRDA:111,14,1,0
BRDA:113,15,0,0
BRDA:113,15,1,0
BRDA:116,16,0,0
BRDA:116,16,1,0
BRDA:117,17,0,0
BRDA:117,17,1,0
BRDA:118,18,0,0
BRDA:118,18,1,0
BRDA:119,19,0,0
BRDA:119,19,1,0
BRDA:120,20,0,0
BRDA:120,20,1,0
BRDA:121,21,0,0
BRDA:121,21,1,0
BRDA:122,22,0,0
BRDA:122,22,1,0
BRDA:154,23,0,0
BRDA:154,23,1,0
BRDA:172,24,0,0
BRDA:172,24,1,0
BRF:50
BRH:0
end_of_record
TN:
SF:src\services\userService.ts
FN:11,(anonymous_0)
FN:34,(anonymous_1)
FN:70,(anonymous_2)
FN:79,(anonymous_3)
FN:107,(anonymous_4)
FN:148,(anonymous_5)
FN:165,(anonymous_6)
FNF:7
FNH:0
FNDA:0,(anonymous_0)
FNDA:0,(anonymous_1)
FNDA:0,(anonymous_2)
FNDA:0,(anonymous_3)
FNDA:0,(anonymous_4)
FNDA:0,(anonymous_5)
FNDA:0,(anonymous_6)
DA:1,0
DA:10,0
DA:12,0
DA:27,0
DA:28,0
DA:31,0
DA:38,0
DA:42,0
DA:43,0
DA:46,0
DA:47,0
DA:48,0
DA:49,0
DA:51,0
DA:67,0
DA:71,0
DA:76,0
DA:83,0
DA:84,0
DA:90,0
DA:104,0
DA:112,0
DA:119,0
DA:120,0
DA:123,0
DA:124,0
DA:130,0
DA:131,0
DA:132,0
DA:133,0
DA:134,0
DA:135,0
DA:136,0
DA:137,0
DA:138,0
DA:140,0
DA:145,0
DA:149,0
DA:156,0
DA:157,0
DA:160,0
DA:169,0
DA:176,0
DA:177,0
DA:180,0
DA:185,0
DA:190,0
LF:47
LH:0
BRDA:27,0,0,0
BRDA:27,0,1,0
BRDA:42,1,0,0
BRDA:42,1,1,0
BRDA:47,2,0,0
BRDA:47,2,1,0
BRDA:48,3,0,0
BRDA:48,3,1,0
BRDA:49,4,0,0
BRDA:49,4,1,0
BRDA:83,5,0,0
BRDA:83,5,1,0
BRDA:94,6,0,0
BRDA:94,6,1,0
BRDA:99,7,0,0
BRDA:99,7,1,0
BRDA:119,8,0,0
BRDA:119,8,1,0
BRDA:123,9,0,0
BRDA:123,9,1,0
BRDA:131,10,0,0
BRDA:131,10,1,0
BRDA:132,11,0,0
BRDA:132,11,1,0
BRDA:133,12,0,0
BRDA:133,12,1,0
BRDA:133,13,0,0
BRDA:133,13,1,0
BRDA:134,14,0,0
BRDA:134,14,1,0
BRDA:135,15,0,0
BRDA:135,15,1,0
BRDA:136,16,0,0
BRDA:136,16,1,0
BRDA:137,17,0,0
BRDA:137,17,1,0
BRDA:138,18,0,0
BRDA:138,18,1,0
BRDA:156,19,0,0
BRDA:156,19,1,0
BRDA:176,20,0,0
BRDA:176,20,1,0
BRF:42
BRH:0
end_of_record
TN:
SF:src\types\notification.ts
FN:92,(anonymous_0)
FN:109,(anonymous_1)
FN:115,(anonymous_2)
FN:122,(anonymous_3)
FNF:4
FNH:0
FNDA:0,(anonymous_0)
FNDA:0,(anonymous_1)
FNDA:0,(anonymous_2)
FNDA:0,(anonymous_3)
DA:92,0
DA:93,0
DA:94,0
DA:95,0
DA:96,0
DA:97,0
DA:98,0
DA:99,0
DA:100,0
DA:101,0
DA:102,0
DA:103,0
DA:104,0
DA:105,0
DA:106,0
DA:109,0
DA:110,0
DA:111,0
DA:112,0
DA:115,0
DA:116,0
DA:117,0
DA:118,0
DA:119,0
DA:122,0
DA:123,0
DA:124,0
DA:125,0
DA:126,0
LF:29
LH:0
BRDA:92,0,0,0
BRDA:92,0,1,0
BRDA:109,1,0,0
BRDA:109,1,1,0
BRDA:115,2,0,0
BRDA:115,2,1,0
BRDA:122,3,0,0
BRDA:122,3,1,0
BRF:8
BRH:0
end_of_record
TN:
SF:src\types\review.ts
FN:91,(anonymous_0)
FN:92,(anonymous_1)
FN:93,(anonymous_2)
FN:94,(anonymous_3)
FNF:4
FNH:0
FNDA:0,(anonymous_0)
FNDA:0,(anonymous_1)
FNDA:0,(anonymous_2)
FNDA:0,(anonymous_3)
DA:1,0
DA:76,0
DA:83,0
DA:88,0
DA:91,0
DA:92,0
DA:93,0
DA:94,0
LF:8
LH:0
BRF:0
BRH:0
end_of_record
TN:
SF:src\types\upload.ts
FN:102,(anonymous_0)
FN:111,(anonymous_1)
FNF:2
FNH:0
FNDA:0,(anonymous_0)
FNDA:0,(anonymous_1)
DA:102,0
DA:103,0
DA:104,0
DA:105,0
DA:106,0
DA:107,0
DA:108,0
DA:111,0
DA:112,0
DA:113,0
DA:114,0
DA:115,0
DA:116,0
LF:13
LH:0
BRDA:102,0,0,0
BRDA:102,0,1,0
BRDA:111,1,0,0
BRDA:111,1,1,0
BRF:4
BRH:0
end_of_record
TN:
SF:src\utils\hash.ts
FN:5,(anonymous_1)
FN:9,(anonymous_2)
FNF:2
FNH:0
FNDA:0,(anonymous_1)
FNDA:0,(anonymous_2)
DA:1,0
DA:3,0
DA:5,0
DA:6,0
DA:9,0
DA:10,0
LF:6
LH:0
BRF:0
BRH:0
end_of_record
TN:
SF:src\utils\jwt.ts
FN:7,(anonymous_1)
FN:11,(anonymous_2)
FN:15,(anonymous_3)
FNF:3
FNH:0
FNDA:0,(anonymous_1)
FNDA:0,(anonymous_2)
FNDA:0,(anonymous_3)
DA:1,0
DA:4,0
DA:5,0
DA:7,0
DA:8,0
DA:11,0
DA:12,0
DA:15,0
DA:16,0
DA:17,0
DA:19,0
LF:11
LH:0
BRDA:4,0,0,0
BRDA:4,0,1,0
BRDA:5,1,0,0
BRDA:5,1,1,0
BRDA:16,2,0,0
BRDA:16,2,1,0
BRDA:16,3,0,0
BRDA:16,3,1,0
BRF:8
BRH:0
end_of_record
